1362
AMMO.ACM
30690
5010
2
ANIMAL.ACM
146880
29140
4
ANIMAL1.ACM
127888
30831
6
BANGPIP1.ACM
141940
34397
8
BANGPIPE.ACM
140484
33738
10
BATS.ACM
132262
31560
12
BATS1.ACM
114758
27762
14
BEER.ACM
27928
4198
16
BELLTOL1.ACM
119924
26974
18
BELLTOLL.ACM
113616
24477
20
BIGBOX2.ACM
24914
2670
22
BIGWIN.ACM
108858
27821
24
BIGWIN1.ACM
108812
27815
26
BLANK.ACM
93704
9013
28
BOX2.ACM
24914
2670
30
BOXBELL1.ACM
132744
29352
32
BOXBELL2.ACM
132960
30642
34
BRDCHIR1.ACM
119018
29323
36
BRDCHIRP.ACM
118974
29065
38
BRDSWELL.ACM
63452
15468
40
BUTIN1.ACM
10762
2526
42
BUTIN2.ACM
4320
1328
44
BUTIN3.ACM
4850
1474
46
BUTIN4.ACM
4320
1328
48
BUTOUT1.ACM
7388
1749
50
BUTOUT2.ACM
5824
1851
52
BUTOUT3.ACM
11518
2405
54
BUTOUT4.ACM
5824
1851
56
CAMERA.ACM
128624
32811
58
CARREPAR.ACM
137300
33774
60
CARSTART.ACM
132348
33122
62
CENSOR.ACM
40082
10161
64
CHEMICA1.ACM
113172
25895
66
CHEMICAL.ACM
109064
24139
68
CHIMES.ACM
106760
24163
70
CHIMES1.ACM
111468
25386
72
CLANG.ACM
105526
25292
74
CLANG1.ACM
112446
26403
76
CLANK.ACM
101842
23175
78
CLANK1.ACM
108848
24332
80
CLUB.ACM
26090
4065
82
CMBTFLX.ACM
20502
4965
84
COOLANT.ACM
121758
28977
86
CRANE.ACM
101684
25369
88
CRICKET.ACM
98824
17138
90
CRICKET1.ACM
83634
11180
92
DICE.ACM
70820
17544
94
DICE1.ACM
35748
8624
96
DOGBARK.ACM
112662
24181
98
DOGBARK1.ACM
105890
21413
100
DOGBARK2.ACM
99018
21359
102
DRUNKLA1.ACM
111748
26833
104
DRUNKLAF.ACM
104666
25473
106
DYNAMITE.ACM
26696
4042
108
ELECTRI1.ACM
113390
27484
110
ELECTRIC.ACM
118376
28618
112
ELEVATO1.ACM
155102
36296
114
ELEVATOR.ACM
146952
34746
116
ELV1_1.ACM
201348
48579
118
ELV1_2.ACM
100394
23743
120
ELV1_3.ACM
87280
20649
122
ELV2_3.ACM
155066
33128
124
engineon.acm
160576
75166
126
FIXSTILL.ACM
128986
28663
128
FLAMETHR.ACM
32098
5336
130
FLARE.ACM
29472
4425
132
FLRTRAP.ACM
12910
3526
134
FOOTSTE1.ACM
131794
16290
136
FOOTSTEP.ACM
123598
12657
138
GEIGER.ACM
29432
4775
140
GNTLWIN1.ACM
113386
24971
142
GNTLWIND.ACM
114964
26952
144
GUSTWIN1.ACM
121948
28998
146
GUSTWIND.ACM
125760
29883
148
HFXXXXAA.ACM
104034
26227
150
HFXXXXAO.acm
24478
6133
152
HFXXXXAP.acm
19616
5084
154
HFXXXXBA.ACM
49238
12424
156
HFXXXXBB.ACM
48132
12307
158
HFXXXXBD.ACM
106264
26374
160
HFXXXXBE.ACM
67068
17391
162
HFXXXXBF.ACM
117478
29600
164
HFXXXXBG.ACM
123176
31157
166
HFXXXXBH.ACM
70838
18351
168
HFXXXXBI.ACM
73354
18244
170
HFXXXXBK.ACM
151670
38036
172
HFXXXXBM.ACM
83830
21256
174
HFXXXXCH.ACM
73730
18564
176
HFXXXXCJ.ACM
84690
21503
178
HFXXXXDE.ACM
17572
4894
180
HFXXXXED.ACM
42310
10048
182
HFXXXXEE.ACM
27984
7119
184
HFXXXXFE.ACM
28196
6954
186
HFXXXXGE.ACM
27882
6986
188
HFXXXXHD.ACM
16522
4236
190
HFXXXXHE.ACM
26526
7053
192
HFXXXXIE.ACM
25506
6846
194
HFXXXXJE.ACM
27344
7031
196
HFXXXXKE.ACM
33738
9081
198
HFXXXXLE.ACM
32668
8204
200
HFXXXXMA.ACM
42994
11227
202
HFXXXXME.ACM
31060
8028
204
HFXXXXYA.ACM
43970
11210
206
HFXXXXYB.ACM
46692
11759
208
HFXXXXZA.ACM
46262
12018
210
HFXXXXZB.ACM
47912
12032
212
HMGZMOHD.ACM
58026
14364
214
HMXXXXAA.ACM
70066
17647
216
HMXXXXAE.ACM
105052
26311
218
HMXXXXAN.acm
24038
5613
220
HMXXXXAO.acm
25652
6983
222
HMXXXXAP.acm
20180
5069
224
HMXXXXAQ.acm
25258
5093
226
HMXXXXAR.acm
39334
9630
228
HMXXXXBA.ACM
48902
12291
230
HMXXXXBB.ACM
50022
12554
232
HMXXXXBD.ACM
107098
27734
234
HMXXXXBE.ACM
68410
17253
236
HMXXXXBF.acm
114842
28790
238
HMXXXXBG.acm
93916
23627
240
HMXXXXBH.ACM
77318
19181
242
HMXXXXBI.ACM
74582
18601
244
HMXXXXBJ.ACM
64846
15866
246
HMXXXXBK.ACM
153248
38711
248
HMXXXXBL.ACM
63980
15760
250
HMXXXXBM.ACM
86834
21764
252
HMXXXXBN.ACM
89654
22293
254
HMXXXXCH.ACM
79598
20442
256
HMXXXXCJ.ACM
84330
21526
258
HMXXXXDA.ACM
62988
14793
260
HMXXXXDC.ACM
21782
5773
262
HMXXXXDD.ACM
23942
6062
264
HMXXXXDE.ACM
21084
5902
266
HMXXXXEA.ACM
56072
13042
268
HMXXXXEC.ACM
37892
9391
270
HMXXXXED.ACM
42310
10048
272
HMXXXXEE.ACM
29160
8064
274
HMXXXXFA.ACM
88228
20849
276
HMXXXXFC.ACM
41618
10754
278
HMXXXXFD.ACM
42310
10048
280
HMXXXXFE.ACM
34928
9123
282
HMXXXXGA.ACM
56086
13976
284
HMXXXXGC.ACM
34192
9125
286
HMXXXXGD.ACM
57768
14724
288
HMXXXXGE.ACM
33062
8720
290
HMXXXXHA.ACM
21878
6099
292
HMXXXXHC.ACM
21950
5894
294
HMXXXXHD.ACM
60426
15087
296
HMXXXXHE.ACM
25850
7137
298
HMXXXXIA.ACM
72658
17690
300
HMXXXXIC.acm
37452
9820
302
HMXXXXID.acm
58692
15137
304
HMXXXXIE.ACM
26486
7038
306
HMXXXXJA.ACM
85700
21351
308
HMXXXXJC.ACM
33784
9002
310
HMXXXXJD.ACM
33066
8915
312
HMXXXXJE.ACM
31466
8130
314
HMXXXXKA.ACM
106934
20407
316
HMXXXXKC.ACM
58946
15080
318
HMXXXXKD.ACM
58948
15180
320
HMXXXXKE.ACM
35824
9180
322
HMXXXXLC.acm
45496
12171
324
HMXXXXLD.acm
37658
10015
326
HMXXXXLE.ACM
41408
11052
328
HMXXXXMA.ACM
42994
11227
330
HMXXXXMC.ACM
49382
12486
332
HMXXXXMD.ACM
67638
14889
334
HMXXXXME.ACM
32968
8571
336
HMXXXXYA.ACM
74768
18793
338
HMXXXXYB.ACM
46360
11992
340
HMXXXXZA.acm
47592
12138
342
HMXXXXZB.ACM
47886
12122
344
HMXXXXZQ.acm
46266
11190
346
HMXXXXZR.acm
50572
12308
348
HOWITZER.ACM
132956
30719
350
IACCUXX1.ACM
29004
6609
352
IB1LU1X1.ACM
7388
1749
354
IB1P1XX1.ACM
3032
1029
356
IB2LU1X1.ACM
9928
2399
358
IB2P1XX1.ACM
4320
1328
360
IB3LU1X1.ACM
11518
2405
362
IB3P1XX1.ACM
4850
1474
364
ICCNTNRA.ACM
21404
3868
366
ICCNTNRB.ACM
53516
11579
368
ICCNTNRC.ACM
13092
3835
370
ICCNTNRD.ACM
12692
3437
372
ICCNTNRE.ACM
116768
19366
374
ICIBCXX1.ACM
60014
13157
376
ICIBOXX1.ACM
67010
13472
378
ICOMBAT1.ACM
28288
4393
380
ICOMBAT2.ACM
25376
3591
382
ICSXXXX1.ACM
23814
5278
384
IISXXXX1.ACM
11364
2871
386
ILCNTNRA.ACM
27736
6914
388
ILCNTNRB.ACM
39868
10063
390
ILCNTNRC.ACM
33522
9146
392
ILCNTNRD.ACM
41386
10697
394
INCNTNRA.ACM
19702
5087
396
INCNTNRB.ACM
50778
13181
398
INCNTNRC.ACM
55020
14024
400
INCNTNRD.ACM
32684
8080
402
IOCNTNRA.ACM
31774
6866
404
IOCNTNRB.ACM
63088
11174
406
IOCNTNRC.ACM
13122
3940
408
IOCNTNRD.ACM
15238
4021
410
IOCNTNRE.ACM
99318
14633
412
IPICKUP1.ACM
6400
2051
414
IPUTDOWN.ACM
7296
2056
416
ISDXXXX1.ACM
10532
3006
418
JUPITER.ACM
112650
28140
420
KNIFE.ACM
30506
4823
422
LAUGHTE1.ACM
114114
26966
424
LAUGHTER.ACM
92166
22101
426
LEVELUP.ACM
38528
8980
428
LOOSER.ACM
57868
15449
430
LOSER.ACM
57934
15492
432
LTHARMOR.ACM
32672
5508
434
MAANTTAA.ACM
53760
12109
436
MAANTTAN.ACM
18738
4619
438
MAANTTAO.ACM
21656
6015
440
MAANTTAQ.ACM
10734
1614
442
MAANTTBA.ACM
37102
8087
444
MAANTTBE.ACM
54444
13300
446
MAANTTBF.ACM
55240
14321
448
MAANTTBI.ACM
52952
13171
450
MAANTTBL.ACM
54928
14164
452
MAANTTCJ.ACM
26212
6877
454
MAANTTYA.ACM
36734
9203
456
MAANTTZA.ACM
38798
9141
458
MAANTTZQ.ACM
11276
3042
460
MABOS2BA.ACM
340534
77816
462
MABOS2BB.ACM
340534
77816
464
MABOSSAA.ACM
74242
16968
466
MABOSSAN.ACM
41724
10501
468
MABOSSAO.ACM
61960
15154
470
MABOSSAP.ACM
58560
14043
472
MABOSSAQ.ACM
46420
11369
474
MABOSSAR.ACM
36170
9120
476
MABOSSAS.ACM
61862
14853
478
MABOSSBA.ACM
78772
18162
480
MABOSSBL.ACM
473848
106493
482
MABOSSCJ.ACM
65352
15725
484
MABOSSDA.ACM
64468
16044
486
MABOSSDC.ACM
61694
14893
488
MABOSSDD.ACM
61190
15223
490
MABOSSDE.ACM
38666
10194
492
MABOSSHC.ACM
58098
15147
494
MABOSSHD.ACM
57762
14864
496
MABOSSKA.ACM
69604
17276
498
MABOSSKC.ACM
69394
17017
500
MABOSSKD.ACM
60582
15311
502
MABOSSKE.ACM
61728
15323
504
MABOSSZA.ACM
61288
13185
506
MABOSSZQ.ACM
18106
4531
508
MABOSSZR.ACM
19680
5095
510
MABRANAA.ACM
35464
9089
512
MABRANAN.ACM
24056
6087
514
MABRANAO.ACM
24576
6153
516
MABRANAQ.ACM
39392
10063
518
MABRANBB.ACM
35894
9158
520
MABRANBD.ACM
39352
10215
522
MABRANBF.ACM
55562
14324
524
MABRANCH.ACM
33286
9013
526
MABRANYB.ACM
33376
8919
528
MABRANZB.ACM
44034
11128
530
MABRANZQ.ACM
18846
5074
532
MABROMAA.ACM
55388
13754
534
MABROMAO.acm
25472
6438
536
MABROMAP.ACM
25330
6551
538
MABROMAQ.acm
69058
16652
540
MABROMBA.ACM
29490
7564
542
MABROMBB.ACM
25972
6729
544
MABROMBE.acm
40238
10151
546
MABROMBF.ACM
83900
20448
548
MABROMBH.ACM
44272
11223
550
MABROMBI.ACM
76384
18941
552
MABROMBK.ACM
58908
15129
554
MABROMBL.ACM
58566
15088
556
MABROMCH.ACM
58606
13609
558
MABROMCJ.ACM
58596
14257
560
MABROMYA.ACM
31104
7856
562
MABROMYB.ACM
29626
7406
564
MABROMZA.ACM
33214
7888
566
MABROMZB.ACM
33408
8275
568
MABROMZQ.acm
15894
3691
570
MACLAWAA.ACM
52692
13040
572
MACLAWAK.ACM
58708
15018
574
MACLAWAO.ACM
35690
8638
576
MACLAWAP.ACM
34062
9074
578
MACLAWAQ.ACM
54472
14154
580
MACLAWBA.ACM
26158
7131
582
MACLAWBB.ACM
25632
6658
584
MACLAWBD.ACM
56642
14171
586
MACLAWBE.ACM
36116
9254
588
MACLAWBF.ACM
84884
21238
590
MACLAWBH.ACM
58334
14977
592
MACLAWBI.ACM
40874
10031
594
MACLAWBK.ACM
61118
15160
596
MACLAWCH.ACM
47796
12161
598
MACLAWCJ.ACM
58168
14791
600
MACLAWYA.ACM
39834
10145
602
MACLAWYB.ACM
69566
17251
604
MACLAWZA.ACM
72692
18095
606
MACLAWZB.ACM
77798
19089
608
MACLAWZQ.ACM
25820
6707
610
MACLW2AA.ACM
58056
14334
612
MACLW2AK.ACM
49928
13312
614
MACLW2AN.ACM
35038
9025
616
MACLW2AO.ACM
33452
8251
618
MACLW2AP.ACM
35992
9117
620
MACLW2AQ.ACM
71688
17932
622
MACLW2BA.ACM
35308
8816
624
MACLW2BB.ACM
49920
12549
626
MACLW2BD.ACM
73144
18443
628
MACLW2BE.ACM
33472
9059
630
MACLW2BF.ACM
83068
21533
632
MACLW2BH.ACM
39128
10179
634
MACLW2BI.ACM
50946
13331
636
MACLW2BK.ACM
46050
12306
638
MACLW2CH.ACM
44110
11215
640
MACLW2CJ.ACM
65946
16534
642
MACLW2YA.ACM
33514
8966
644
MACLW2YB.ACM
47514
12265
646
MACLW2ZA.ACM
84754
21262
648
MACLW2ZB.ACM
115384
29092
650
MACLW2ZQ.ACM
27430
7174
652
MACYBRAA.ACM
73130
18057
654
MACYBRAK.ACM
83148
21050
656
MACYBRAN.ACM
46694
10874
658
MACYBRAO.ACM
58210
14739
660
MACYBRAP.ACM
48406
12005
662
MACYBRAQ.ACM
57068
14052
664
MACYBRBA.ACM
44840
11192
666
MACYBRBB.ACM
37932
9890
668
MACYBRBF.ACM
97506
24737
670
MACYBRBI.ACM
67872
17418
672
MACYBRBL.ACM
64968
16045
674
MACYBRCH.ACM
79118
20559
676
MACYBRCJ.ACM
48098
12385
678
MACYBRYA.ACM
42236
10733
680
MACYBRYB.ACM
41840
10651
682
MACYBRZA.ACM
43764
11150
684
MACYBRZB.ACM
45076
11399
686
MACYBRZQ.ACM
21916
6077
688
MADDOGAA.ACM
49774
12273
690
MADDOGAO.acm
17022
4292
692
MADDOGAP.ACM
15938
3979
694
MADDOGAQ.acm
42242
10885
696
MADDOGBA.ACM
12624
3289
698
MADDOGBB.ACM
13380
3592
700
MADDOGBE.ACM
24730
6185
702
MADDOGBF.ACM
93908
23174
704
MADDOGBH.ACM
44272
11150
706
MADDOGBI.ACM
56466
14408
708
MADDOGBK.ACM
55708
14108
710
MADDOGBL.ACM
54428
14050
712
MADDOGCH.ACM
50598
11952
714
MADDOGCJ.ACM
50386
12130
716
MADDOGGR.acm
67052
17529
718
MADDOGYA.ACM
18684
4802
720
MADDOGYB.ACM
26144
6517
722
MADDOGZA.ACM
20012
4793
724
MADDOGZB.ACM
21720
5049
726
MADDOGZQ.acm
25084
6187
728
MADEGGBA.ACM
55240
14293
730
MADETHAA.ACM
52692
13040
732
MADETHAK.ACM
58708
15018
734
MADETHAO.ACM
35690
8638
736
MADETHAP.ACM
34062
9074
738
MADETHAQ.ACM
54472
14154
740
MADETHBA.ACM
26158
7131
742
MADETHBB.ACM
25632
6658
744
MADETHBD.ACM
56642
14171
746
MADETHBE.ACM
36116
9254
748
MADETHBF.ACM
84884
21238
750
MADETHBH.ACM
58334
14977
752
MADETHBI.ACM
40874
10031
754
MADETHBK.ACM
61118
15160
756
MADETHCH.ACM
47796
12161
758
MADETHCJ.ACM
58168
14791
760
MADETHYA.ACM
39834
10145
762
MADETHYB.ACM
69566
17251
764
MADETHZA.ACM
72692
18095
766
MADETHZB.ACM
77798
19089
768
MADETHZQ.ACM
25820
6707
770
MAFEYEAA.ACM
37264
8743
772
MAFEYEAN.ACM
25320
5623
774
MAFEYEAO.ACM
32352
7745
776
MAFEYEAP.ACM
32962
7450
778
MAFEYEAQ.ACM
31456
5233
780
MAFEYEBA.ACM
42400
10031
782
MAFEYEBB.ACM
42372
10197
784
MAFEYEBE.ACM
53898
13141
786
MAFEYEBF.ACM
77812
16841
788
MAFEYEBL.ACM
68802
17489
790
MAFEYECH.ACM
31118
6946
792
MAFEYECJ.ACM
30482
6802
794
MAFEYEYA.ACM
47800
11625
796
MAFEYEYB.ACM
43502
10740
798
MAFEYEZA.ACM
41930
10279
800
MAFEYEZB.ACM
44748
10991
802
MAFEYEZQ.ACM
41508
10406
804
MAFIREAA.ACM
72762
17935
806
MAFIREAN.ACM
33054
8863
808
MAFIREAO.ACM
39570
10293
810
MAFIREAP.ACM
38550
10224
812
MAFIREAQ.ACM
43314
10522
814
MAFIREAR.ACM
34614
8943
816
MAFIREBA.ACM
39324
9880
818
MAFIREBB.ACM
28860
7465
820
MAFIREBD.ACM
71622
18383
822
MAFIREBF.ACM
73490
18527
824
MAFIREBG.ACM
85356
21631
826
MAFIREBI.ACM
82652
21450
828
MAFIREBL.ACM
62682
16388
830
MAFIRECH.ACM
42998
11225
832
MAFIRECJ.ACM
45008
11297
834
MAFIREZA.ACM
41098
10501
836
MAFIREZB.ACM
32546
8233
838
MAFIREZQ.ACM
27262
7085
840
MAFIREZR.ACM
37800
10038
842
MAGCKOAA.ACM
58874
14926
844
MAGCKOAN.ACM
27078
7198
846
MAGCKOAO.ACM
37458
9065
848
MAGCKOAP.ACM
36010
9195
850
MAGCKOAQ.ACM
32654
8204
852
MAGCKOAR.ACM
31910
8259
854
MAGCKOBA.ACM
36706
8914
856
MAGCKOBB.ACM
31496
8189
858
MAGCKOBD.ACM
66018
16898
860
MAGCKOBE.ACM
20386
5171
862
MAGCKOBF.ACM
74596
19439
864
MAGCKOBG.ACM
82796
21620
866
MAGCKOBI.ACM
82688
21500
868
MAGCKOBL.ACM
57408
14628
870
MAGCKOBM.ACM
39494
10294
872
MAGCKOCH.ACM
45794
12293
874
MAGCKOCJ.ACM
58102
15436
876
MAGCKOYA.ACM
47224
12163
878
MAGCKOYB.ACM
59566
15303
880
MAGCKOZA.ACM
57308
14312
882
MAGCKOZB.ACM
49818
12722
884
MAGCKOZQ.ACM
26322
6360
886
MAGCKOZR.ACM
42984
10847
888
MAGKO2AA.ACM
88276
22155
890
MAGKO2AN.ACM
32828
8387
892
MAGKO2AO.ACM
30334
8103
894
MAGKO2AP.ACM
40146
10091
896
MAGKO2AQ.ACM
28806
7429
898
MAGKO2AR.ACM
23296
6181
900
MAGKO2BA.ACM
38962
10211
902
MAGKO2BB.ACM
36796
9173
904
MAGKO2BD.ACM
72490
18421
906
MAGKO2BE.ACM
31226
8151
908
MAGKO2BF.ACM
75976
19566
910
MAGKO2BG.ACM
81584
20528
912
MAGKO2BI.ACM
85442
21642
914
MAGKO2BL.ACM
60790
15374
916
MAGKO2BM.ACM
42034
11288
918
MAGKO2CH.ACM
55474
14365
920
MAGKO2CJ.ACM
47176
12193
922
MAGKO2YA.ACM
29490
8192
924
MAGKO2YB.ACM
29868
8149
926
MAGKO2ZA.ACM
53216
13303
928
MAGKO2ZB.ACM
44988
11274
930
MAGKO2ZQ.ACM
16672
4206
932
MAGKO2ZR.ACM
35508
8984
934
magun2ao.acm
55284
13276
936
magun2AP.acm
32962
7450
938
magun2BA.acm
42400
10031
940
magun2cj.acm
30482
6802
942
magun2YA.acm
47800
11625
944
magun2ZA.acm
41930
10279
946
MAGUNNAO.ACM
55284
13276
948
MAGUNNAP.ACM
32962
7450
950
MAGUNNBA.ACM
42400
10031
952
MAGUNNCJ.ACM
30482
6802
954
MAGUNNLC.ACM
42534
10461
956
MAGUNNLD.ACM
42534
10461
958
MAGUNNYA.ACM
47800
11625
960
MAGUNNZA.ACM
41930
10279
962
MAHANDAA.ACM
45238
11128
964
MAHANDAO.ACM
55284
13276
966
MAHANDAQ.ACM
50150
12065
968
MAHANDBA.ACM
52214
12892
970
MAHANDBK.ACM
49384
13075
972
MAHANDBL.ACM
76188
19520
974
MAHANDCJ.ACM
37904
9273
976
MAHANDKA.ACM
44320
11236
978
MAHANDKC.ACM
56662
14132
980
MAHANDKD.ACM
44392
11187
982
MAHANDKE.ACM
41914
10684
984
MAHANDLA.ACM
57324
14191
986
MAHANDLC.ACM
56358
13600
988
MAHANDLD.ACM
43000
10596
990
MAHANDLE.ACM
44134
11043
992
MAHANDYA.ACM
66294
16421
994
MAHANDZA.ACM
75584
16832
996
MAHANDZQ.ACM
47170
10354
998
MALIENAA.ACM
96586
23679
1000
MALIENAN.ACM
39632
9740
1002
MALIENAO.ACM
41956
11216
1004
MALIENAP.ACM
53754
14225
1006
MALIENAQ.ACM
50342
13056
1008
MALIENAR.ACM
66852
17453
1010
MALIENBA.ACM
54268
14052
1012
MALIENBB.ACM
42374
11280
1014
MALIENBD.ACM
69302
17407
1016
MALIENBE.ACM
47180
12310
1018
MALIENBF.ACM
70760
18502
1020
MALIENBG.ACM
65010
16504
1022
MALIENBH.ACM
38374
9725
1024
MALIENBI.ACM
51666
13287
1026
MALIENBK.ACM
47964
12215
1028
MALIENBL.ACM
48130
12357
1030
MALIENBM.ACM
59382
15343
1032
MALIENCH.ACM
58594
15244
1034
MALIENCJ.ACM
59720
14831
1036
MALIENYA.ACM
44768
11191
1038
MALIENYB.ACM
44768
11191
1040
MALIENZA.ACM
31120
8234
1042
MALIENZB.ACM
40398
10256
1044
MALIENZQ.ACM
23598
6167
1046
MALIENZR.ACM
31120
8081
1048
MALIEUAA.ACM
110186
25316
1050
MALIEUBL.ACM
616010
153417
1052
MAMANTAA.ACM
53760
12109
1054
MAMANTAN.ACM
18738
4619
1056
MAMANTAO.ACM
21656
6015
1058
MAMANTAQ.ACM
10734
1614
1060
MAMANTBA.ACM
37102
8087
1062
MAMANTBE.ACM
54444
13300
1064
MAMANTBF.ACM
55240
14321
1066
MAMANTBI.ACM
52952
13171
1068
MAMANTBL.ACM
54928
14164
1070
MAMANTCJ.ACM
26212
6877
1072
MAMANTYA.ACM
36734
9203
1074
MAMANTZA.ACM
38798
9141
1076
MAMANTZQ.ACM
11276
3042
1078
MAMDNTBF.ACM
136788
34343
1080
MAMRATAA.ACM
31598
7992
1082
MAMRATAO.ACM
26082
6224
1084
MAMRATAQ.ACM
22382
5906
1086
MAMRATBA.ACM
31904
7825
1088
MAMRATBB.ACM
31904
7825
1090
MAMRATBD.ACM
43904
11146
1092
MAMRATBE.ACM
39454
9302
1094
MAMRATBF.ACM
71598
17988
1096
MAMRATBH.ACM
41376
9781
1098
MAMRATCJ.ACM
36998
8594
1100
MAMRATYA.ACM
23980
6004
1102
MAMRATYB.ACM
23980
6004
1104
MAMRATZA.ACM
44048
11106
1106
MAMRATZB.ACM
44048
11106
1108
MAMRATZQ.ACM
39454
9691
1110
MAMSTRAO.ACM
25548
6692
1112
MAMSTRBL.ACM
339344
84969
1114
MAMSTRLC.ACM
42534
10461
1116
MAMTN2AA.ACM
100856
24016
1118
MAMTNTAA.ACM
131898
31650
1120
MAMTNTAN.ACM
27684
6910
1122
MAMTNTAO.ACM
34202
8987
1124
MAMTNTAP.ACM
37778
9628
1126
MAMTNTAQ.ACM
25258
5093
1128
MAMTNTBA.ACM
73012
18500
1130
MAMTNTBB.ACM
44874
11108
1132
MAMTNTBD.ACM
138920
34177
1134
MAMTNTBE.ACM
52868
13190
1136
MAMTNTBF.ACM
130042
32665
1138
MAMTNTBG.ACM
106670
26568
1140
MAMTNTBH.ACM
62880
15963
1142
MAMTNTBI.ACM
65320
16349
1144
MAMTNTBJ.ACM
64846
15866
1146
MAMTNTBK.ACM
76204
19426
1148
MAMTNTBL.ACM
63980
15760
1150
MAMTNTBM.ACM
83066
20923
1152
MAMTNTBN.ACM
89654
22293
1154
MAMTNTCH.ACM
76578
19367
1156
MAMTNTCJ.ACM
95858
24058
1158
MAMTNTKA.ACM
68748
16548
1160
MAMTNTKC.ACM
69680
16493
1162
MAMTNTKD.ACM
59422
13888
1164
MAMTNTKE.ACM
27192
7058
1166
MAMTNTLA.ACM
63552
14462
1168
MAMTNTLC.ACM
36142
8857
1170
MAMTNTLD.ACM
36640
8884
1172
MAMTNTLE.ACM
46940
11897
1174
MAMTNTMA.ACM
121106
24587
1176
MAMTNTMC.ACM
45832
9709
1178
MAMTNTMD.ACM
35040
8187
1180
MAMTNTME.ACM
46744
11880
1182
MAMTNTYA.ACM
75250
18854
1184
MAMTNTYB.ACM
52118
12965
1186
MAMTNTZA.ACM
88506
21989
1188
MAMTNTZB.ACM
54902
13926
1190
MAMTNTZQ.ACM
46266
11190
1192
MAMURTAA.ACM
23598
5517
1194
MAMURTAN.ACM
23718
5839
1196
MAMURTAO.ACM
17316
4941
1198
MAMURTAQ.ACM
27508
7129
1200
MAMURTBA.ACM
34412
9173
1202
MAMURTBD.ACM
45660
12291
1204
MAMURTBE.ACM
38258
9702
1206
MAMURTBF.ACM
71906
17498
1208
MAMURTCJ.ACM
35322
8935
1210
MAMURTYA.ACM
33606
9129
1212
MAMURTZA.ACM
35712
9248
1214
MAQUENAA.ACM
82968
19837
1216
MAQUENAN.ACM
49184
11707
1218
MAQUENAO.ACM
56236
13519
1220
MAQUENAP.ACM
56220
14324
1222
MAQUENAQ.ACM
52722
13212
1224
MAQUENAR.ACM
56550
14278
1226
MAQUENBA.ACM
54290
13972
1228
MAQUENBB.ACM
45238
11595
1230
MAQUENBD.ACM
61632
15658
1232
MAQUENBE.ACM
41744
11249
1234
MAQUENBF.ACM
64830
16415
1236
MAQUENBG.ACM
63502
16528
1238
MAQUENBI.ACM
70252
18354
1240
MAQUENBK.ACM
50354
13110
1242
MAQUENBL.ACM
52226
13368
1244
MAQUENBM.ACM
45994
12198
1246
MAQUENCH.ACM
53870
14407
1248
MAQUENCJ.ACM
49134
12367
1250
MAQUENZA.ACM
47982
12332
1252
MAQUENZB.ACM
46846
11868
1254
MAQUENZQ.ACM
25346
6732
1256
MAQUENZR.ACM
37592
9973
1258
MAROBEAO.ACM
35690
8638
1260
MAROBEBA.ACM
26158
7131
1262
MAROBECJ.ACM
58168
14791
1264
MAROBEYA.ACM
39834
10145
1266
MAROBEZA.ACM
72692
18095
1268
MAROBOAA.ACM
88386
21258
1270
MAROBOAN.ACM
37172
9477
1272
MAROBOAO.ACM
55542
14020
1274
MAROBOAP.ACM
58666
14207
1276
MAROBOAQ.ACM
96480
22968
1278
MAROBOBA.ACM
92034
22509
1280
MAROBOBL.ACM
61132
14573
1282
MAROBOCJ.ACM
48298
11296
1284
MAROBOIA.ACM
79262
17715
1286
MAROBOIC.ACM
69992
15795
1288
MAROBOID.ACM
70712
15921
1290
MAROBOIE.ACM
54374
12114
1292
MAROBOJA.ACM
37380
8677
1294
MAROBOJC.ACM
69886
16372
1296
MAROBOJD.ACM
56316
13593
1298
MAROBOJE.ACM
60766
13889
1300
MAROBOYA.ACM
85680
20705
1302
MAROBOZA.ACM
100550
24261
1304
MAROBOZQ.ACM
15076
3911
1306
MAROBTAA.ACM
111118
27488
1308
MAROBTAN.ACM
64544
15185
1310
MAROBTAO.ACM
64392
16429
1312
MAROBTAP.ACM
62996
16020
1314
MAROBTAQ.ACM
69186
17084
1316
MAROBTBA.ACM
57124
14283
1318
MAROBTBB.ACM
65436
16252
1320
MAROBTBD.ACM
60594
15375
1322
MAROBTBI.ACM
56448
14330
1324
MAROBTBL.ACM
80986
19963
1326
MAROBTCH.ACM
90452
22810
1328
MAROBTCJ.ACM
94520
23811
1330
MAROBTLC.ACM
47004
12273
1332
MAROBTMC.ACM
41746
10746
1334
MAROBTYA.ACM
75212
19355
1336
MAROBTYB.ACM
55464
14271
1338
MAROBTZA.ACM
75016
18963
1340
MAROBTZB.ACM
79064
19380
1342
MAROBTZQ.ACM
36552
8132
1344
MASCP2AA.ACM
59724
14941
1346
MASCP2AN.ACM
23926
6122
1348
MASCP2AO.ACM
26880
7204
1350
MASCP2AQ.ACM
26444
7144
1352
MASCP2BA.ACM
40910
10102
1354
MASCP2BE.ACM
52926
13390
1356
MASCP2BH.ACM
61034
15448
1358
MASCP2BK.ACM
67674
17376
1360
MASCP2BL.ACM
71286
18294
1362
MASCP2CJ.ACM
37586
10006
1364
MASCP2YA.ACM
40708
10127
1366
MASCP2ZA.ACM
78834
19196
1368
MASCP2ZQ.ACM
21766
5904
1370
MASCRPAA.ACM
34288
8365
1372
MASCRPAO.ACM
34768
8092
1374
MASCRPAQ.ACM
35068
9110
1376
MASCRPBA.ACM
29294
6437
1378
MASCRPBE.ACM
54092
13227
1380
MASCRPBH.ACM
67674
16449
1382
MASCRPBK.ACM
77340
18989
1384
MASCRPBL.ACM
54092
13453
1386
MASCRPCJ.ACM
38946
10011
1388
MASCRPYA.ACM
33338
8351
1390
MASCRPZA.ACM
33338
8265
1392
MASCRPZQ.ACM
11454
3015
1394
MASPHNAA.ACM
40228
10262
1396
MASPHNAO.ACM
33958
8383
1398
MASPHNAP.ACM
36864
9062
1400
MASPHNAQ.ACM
32704
7776
1402
MASPHNBA.ACM
27776
7202
1404
MASPHNBB.ACM
29492
8053
1406
MASPHNBE.ACM
34202
8740
1408
MASPHNBG.ACM
61276
15379
1410
MASPHNBH.ACM
61548
15412
1412
MASPHNBI.ACM
40650
10243
1414
MASPHNBK.ACM
68384
17301
1416
MASPHNBL.ACM
49834
12542
1418
MASPHNCH.ACM
35218
9259
1420
MASPHNCJ.ACM
36332
9217
1422
MASPHNYA.ACM
33020
8579
1424
MASPHNYB.ACM
33020
8579
1426
MASPHNZA.ACM
49494
12903
1428
MASPHNZB.ACM
49494
12903
1430
MASPHNZQ.ACM
27196
7076
1432
MASRATAO.ACM
28200
7115
1434
MASRATAQ.ACM
22404
5908
1436
MASRATBA.ACM
13586
3106
1438
MASRATBD.ACM
26006
7050
1440
MASRATBE.ACM
26594
7228
1442
MASRATBF.ACM
26006
7050
1444
MASRATBH.ACM
23940
6212
1446
MASRATBK.ACM
32262
7992
1448
MASRATBL.ACM
26006
7050
1450
MASRATCJ.ACM
21032
5245
1452
MASRATYA.ACM
19070
5042
1454
MASRATZA.ACM
22982
6095
1456
MASRATZQ.ACM
5470
1075
1458
MASTRABL.ACM
32626
7721
1460
MATHNGAA.ACM
77036
19269
1462
MATHNGAO.ACM
23210
6093
1464
MATHNGAQ.ACM
18744
5024
1466
MATHNGBA.ACM
38224
10194
1468
MATHNGBE.ACM
43550
11248
1470
MATHNGBG.ACM
71770
18455
1472
MATHNGBH.ACM
45348
11392
1474
MATHNGBI.ACM
48950
12209
1476
MATHNGBK.ACM
59088
14990
1478
MATHNGBL.ACM
52624
13278
1480
MATHNGBM.ACM
64300
16189
1482
MATHNGCH.ACM
35206
9169
1484
MATHNGCJ.ACM
32284
8264
1486
MATHNGYA.ACM
46994
11349
1488
MATHNGZA.ACM
59692
15074
1490
MATHNGZQ.ACM
18066
4941
1492
MAXFLR.ACM
35036
8007
1494
MECHPUM1.ACM
141940
31289
1496
MECHPUMP.ACM
144520
32495
1498
MENUBUT1.acm
10794
4128
1500
MINIGUN.ACM
17646
4010
1502
MONITOR.ACM
27648
4362
1504
MTLARMOR.ACM
20374
4544
1506
NACHLDAO.ACM
29094
6753
1508
NACHLDAP.ACM
33128
7538
1510
NACHLDAQ.ACM
25258
4607
1512
NACHLDAR.ACM
45242
11321
1514
NACHLDBA.ACM
50216
11284
1516
NACHLDBB.ACM
62112
13325
1518
NACHLDBD.ACM
117648
26893
1520
NACHLDBF.ACM
120800
29218
1522
NACHLDBG.ACM
110978
26650
1524
NACHLDBH.ACM
79376
18243
1526
NACHLDBI.ACM
95228
22628
1528
NACHLDBJ.ACM
64846
15049
1530
NACHLDBK.ACM
117460
28126
1532
NACHLDBL.ACM
62976
15690
1534
NACHLDBM.ACM
82276
19365
1536
NACHLDBN.ACM
83968
21685
1538
NACHLDCH.ACM
69224
16374
1540
NACHLDCJ.ACM
67608
16566
1542
NACHLDYA.ACM
50308
11397
1544
NACHLDYB.ACM
60064
12953
1546
NACHLDZA.ACM
53640
12290
1548
NACHLDZB.ACM
60006
13374
1550
NACHLDZQ.ACM
23040
4948
1552
NACHLDZR.ACM
13628
3928
1554
NAGHULAN.ACM
28218
6996
1556
NAGHULAO.ACM
30178
8014
1558
NAGHULAP.ACM
29364
7897
1560
NAGHULBA.ACM
50720
13164
1562
NAGHULBB.ACM
48554
12196
1564
NAGHULBD.ACM
107098
27226
1566
NAGHULBE.ACM
58102
15380
1568
NAGHULBF.ACM
106900
27358
1570
NAGHULBG.ACM
116576
29842
1572
NAGHULBH.ACM
67476
17226
1574
NAGHULBI.ACM
64402
16308
1576
NAGHULBK.ACM
148676
37466
1578
NAGHULCH.ACM
68544
17158
1580
NAGHULCJ.ACM
78524
20081
1582
NAGHULDE.ACM
22558
5959
1584
NAGHULEE.ACM
27552
7062
1586
NAGHULFE.ACM
31086
7962
1588
NAGHULGE.ACM
27874
7088
1590
NAGHULHE.ACM
34086
8483
1592
NAGHULIE.ACM
28122
7033
1594
NAGHULJE.ACM
40102
9725
1596
NAGHULKE.ACM
31106
8063
1598
NAGHULLE.ACM
32728
8212
1600
NAGHULME.ACM
30296
8150
1602
NAGHULYA.ACM
43748
11202
1604
NAGHULYB.ACM
43740
11091
1606
NAGHULZA.ACM
46358
12260
1608
NAGHULZB.ACM
47910
12324
1610
NEPTUNE.ACM
87332
21116
1612
NMGZMOAN.ACM
24142
6155
1614
NMGZMOAO.ACM
26244
7145
1616
NMGZMOBA.ACM
54520
14147
1618
NMGZMOBD.ACM
141592
35430
1620
NMGZMOCJ.ACM
61880
15847
1622
NMGZMOHA.ACM
27938
6485
1624
NMGZMOHC.ACM
80072
18825
1626
NMGZMOHD.ACM
53632
12556
1628
NMGZMOHE.ACM
23348
6070
1630
NMGZMOYA.ACM
78924
20342
1632
NMGZMOZA.ACM
97772
24436
1634
NMOVERLC.ACM
39330
9385
1636
NMOVR2BA.ACM
435692
101553
1638
NMOVR2BL.ACM
424058
100048
1640
NMSELEC0.ACM
4320
1328
1642
NMSELEC1.ACM
5824
1851
1644
ORE.ACM
143958
34778
1646
ORE1.ACM
136522
33661
1648
PEBBLE.ACM
84984
17902
1650
PEBBLE1.ACM
84156
16740
1652
PICKKEYS.ACM
24854
6698
1654
PISTOL.ACM
16708
3760
1656
PLUTO.ACM
67540
17462
1658
POTSPAN1.ACM
59136
12787
1660
POTSPANS.ACM
49024
10739
1662
PUDDLE.ACM
102664
22887
1664
PUDDLE1.ACM
97366
21946
1666
PWRARMOR.ACM
18712
4472
1668
PWRSWTCH.ACM
21404
5244
1670
RATTLE.ACM
135590
33544
1672
RATTLE1.ACM
128200
30754
1674
RIFLE.ACM
16282
3590
1676
RLAUNCH.ACM
35218
6489
1678
ROBE.ACM
33288
7235
1680
ROCK.ACM
24450
2730
1682
ROPE.ACM
22350
2480
1684
ROPEWELL.ACM
23842
5733
1686
RSHELL.ACM
33726
4990
1688
SALOON.ACM
119558
29252
1690
SALOON1.ACM
113384
27307
1692
SATURN.ACM
64484
15958
1694
SCBVXXX1.acm
464896
117973
1696
SCDOORSA.ACM
57228
12388
1698
SCDOORSB.ACM
197446
45249
1700
SCDOORSC.ACM
58450
13103
1702
SCDOORSD.ACM
64790
10496
1704
SCDOORSE.ACM
44034
10201
1706
SCDOORSF.ACM
65424
14741
1708
SCDOORSG.ACM
52914
11844
1710
SCDOORSH.ACM
63310
14210
1712
SCDOORSI.ACM
66280
15696
1714
SCDOORSJ.ACM
60450
13756
1716
SCDOORSK.ACM
67938
15631
1718
SCDOORSL.ACM
69660
12810
1720
SCDOORSM.ACM
57314
12709
1722
SCDOORSN.ACM
55544
12051
1724
SCDOORSO.ACM
173224
37901
1726
SCDOORSP.ACM
26970
7114
1728
SCDOORSQ.ACM
32420
8211
1730
SCDOORSR.ACM
29144
7389
1732
SCDOORSS.ACM
184332
31753
1734
SCDOORST.ACM
85646
20536
1736
SCOWDCX1.acm
51456
14318
1738
SCOWDOX1.acm
49408
12651
1740
SCWDCXX1.acm
53168
14202
1742
SCWDOXX1.acm
30652
8216
1744
SEAGULL.ACM
103664
23280
1746
SEAGULL1.ACM
114166
23752
1748
SEAWIND.ACM
126380
28071
1750
SEAWIND1.ACM
120932
27067
1752
SELEVDX1.ACM
47228
11634
1754
SELEVUX1.ACM
136948
34033
1756
SHOTS.ACM
121592
29750
1758
SHOTS1.ACM
75344
18898
1760
SHUFFLE.ACM
82114
19177
1762
SKEYBUZ1.ACM
26048
5883
1764
SKEYWIP1.ACM
58484
14251
1766
SLDOORSA.ACM
51388
12033
1768
SLDOORSB.ACM
51388
12033
1770
SLDOORSC.ACM
43032
9146
1772
SLDOORSD.ACM
53354
10549
1774
SLDOORSE.ACM
53354
10549
1776
SLDOORSF.ACM
53354
10549
1778
SLDOORSG.ACM
53354
10549
1780
SLDOORSH.ACM
53354
10549
1782
SLDOORSJ.ACM
51388
12033
1784
SLDOORSK.ACM
51388
12033
1786
SLDOORSO.ACM
50314
11770
1788
SLDOORSQ.ACM
31444
8089
1790
SLDOORSR.ACM
36340
9130
1792
SLDOORSS.ACM
60156
12008
1794
SLDOORST.ACM
50874
11974
1796
SLEDGE.ACM
29080
4681
1798
SNDOORSA.ACM
41366
8972
1800
SNDOORSB.ACM
41366
8972
1802
SNDOORSC.ACM
41184
10036
1804
SNDOORSD.ACM
52688
12841
1806
SNDOORSE.ACM
52688
12841
1808
SNDOORSF.ACM
52688
12841
1810
SNDOORSG.ACM
52688
12841
1812
SNDOORSH.ACM
52688
12841
1814
SNDOORSJ.ACM
41366
8972
1816
SNDOORSK.ACM
41366
8972
1818
SNDOORSQ.ACM
47994
12056
1820
SNDOORSR.ACM
36034
9144
1822
SNDOORST.ACM
99052
24035
1824
SODOORSA.ACM
58078
12588
1826
SODOORSB.ACM
147576
34787
1828
SODOORSC.ACM
47478
10556
1830
SODOORSD.ACM
44562
8808
1832
SODOORSE.ACM
30736
6972
1834
SODOORSF.ACM
47476
10466
1836
SODOORSG.ACM
37940
7935
1838
SODOORSH.ACM
50126
11440
1840
SODOORSI.ACM
57704
13580
1842
SODOORSJ.ACM
57700
13356
1844
SODOORSK.ACM
59068
13011
1846
SODOORSL.ACM
67066
10484
1848
SODOORSM.ACM
57318
12680
1850
SODOORSN.ACM
45700
10094
1852
SODOORSO.ACM
143128
30378
1854
SODOORSP.ACM
37082
9528
1856
SODOORSQ.ACM
27376
6977
1858
SODOORSR.ACM
90430
22557
1860
SODOORSS.ACM
188834
34045
1862
SODOORST.ACM
76002
18590
1864
SPEAR.ACM
28142
4068
1866
SPRTRAP.ACM
38434
9393
1868
SQUEAK.ACM
32256
7507
1870
SQUEAK1.ACM
21882
5055
1872
SREFCLX1.acm
17904
4359
1874
SREFOPX1.acm
29568
8171
1876
STARDIS1.ACM
374548
77236
1878
STEAM.ACM
66128
16686
1880
STEAM1.ACM
117776
28408
1882
SWDKEYX1.ACM
34188
8480
1884
TANKS.ACM
30506
5046
1886
TOGGLE.ACM
16878
3694
1888
URANIUM.ACM
82360
20934
1890
UZI.ACM
34126
5859
1892
VULTURE.ACM
119228
28562
1894
VULTURE1.ACM
122122
28775
1896
WA!1XXX1.ACM
105238
26711
1898
WA!1XXX2.ACM
105238
26711
1900
wA#1XXX1.acm
52816
13431
1902
wA#1XXX2.acm
49788
13007
1904
wA#2XXX1.acm
49864
11640
1906
wA#2XXX2.acm
48714
11184
1908
WA$1XXX1.ACM
51760
11942
1910
WA$1XXX2.ACM
47576
11316
1912
WA$2XXX1.ACM
69220
16661
1914
WA$2XXX2.ACM
67372
16324
1916
WA01XXX1.ACM
39988
8476
1918
WA01XXX2.ACM
36170
8051
1920
WA02XXX1.ACM
62062
14726
1922
WA02XXX2.ACM
69594
16044
1924
WA11XXX1.ACM
22894
4678
1926
WA21XXX1.ACM
40922
9679
1928
WA21XXX2.ACM
37476
9655
1930
WA22FXX1.ACM
14720
4095
1932
WA31XXX1.ACM
25422
6227
1934
WA31XXX2.ACM
24782
5942
1936
WA32XXX1.ACM
32446
7972
1938
WA32XXX2.ACM
29778
7285
1940
WA41XXX1.ACM
64174
16109
1942
WA42XXX1.ACM
20808
5055
1944
WA42XXX2.ACM
36696
7756
1946
WA51XXX1.ACM
42386
10925
1948
WA52XXX1.ACM
47932
11928
1950
WA61XXX1.ACM
24128
6051
1952
WA62XXX1.ACM
23306
5805
1954
WA71XXX1.ACM
48960
12232
1956
WA72XXX1.ACM
40038
10177
1958
WA81XXX1.ACM
33728
9081
1960
WA82XXX1.ACM
40038
10183
1962
WA91XXX1.ACM
37638
9484
1964
WA92XXX1.ACM
31948
7981
1966
WA@1XXX1.ACM
66022
16016
1968
WA@1XXX2.ACM
74876
18069
1970
WA@2XXX1.ACM
78714
19611
1972
WA@2XXX2.ACM
101728
24779
1974
WAA1XXX1.ACM
47184
12090
1976
WAA1XXX2.ACM
50392
12740
1978
WAB1XXX1.ACM
57520
13071
1980
WAB1XXX2.ACM
61760
14499
1982
WAB1XXX3.ACM
61134
14737
1984
WAC1XXX1.ACM
60690
12578
1986
WAC1XXX2.ACM
51824
11584
1988
WAD1XXX1.acm
27852
6273
1990
WAD1XXX2.acm
26912
6252
1992
WAD2XXX1.acm
49864
11640
1994
WAD2XXX2.acm
48714
11184
1996
WAE1XXX1.ACM
49806
13034
1998
WAE1XXX2.ACM
44066
11131
2000
WAF1XXX1.ACM
45612
11850
2002
WAF1XXX2.ACM
57094
13910
2004
WAG1XXX1.ACM
82548
19878
2006
WAG1XXX2.ACM
92568
21735
2008
WAH1XXX1.ACM
43184
11017
2010
WAH1XXX2.ACM
42388
11029
2012
WAH2XXX1.ACM
72812
17837
2014
WAH2XXX2.ACM
90744
22763
2016
WAI1XXX1.ACM
61308
15341
2018
WAI1XXX2.ACM
46122
12105
2020
WAJ1XXX1.ACM
39182
10268
2022
WAJ1XXX2.ACM
48928
12349
2024
WAK1XXX1.ACM
58068
14997
2026
WAK1XXX2.ACM
60936
15228
2028
WAL1XXX1.acm
83744
19243
2030
WAL1XXX2.acm
72616
18494
2032
WAM1XXX1.ACM
79908
19352
2034
WAM1XXX2.ACM
81182
18538
2036
WAN1XXX1.ACM
47346
12192
2038
WAN1XXX2.ACM
60270
15176
2040
WAO1XXX1.ACM
64174
16109
2042
WAP1XXX1.ACM
64174
16109
2044
WAQ1XXX1.ACM
64174
16109
2046
WAR1XXX1.ACM
54204
13594
2048
WAR1XXX2.ACM
64764
15596
2050
WAR2XXX1.ACM
72812
18332
2052
WAS1XXX1.ACM
40542
9268
2054
WAS1XXX2.ACM
44372
10474
2056
WATER.ACM
56294
10394
2058
WATER1.ACM
105662
17060
2060
WAU1XXX1.ACM
15642
2954
2062
WAU1XXX2.ACM
15970
3238
2064
WAV1XXX1.ACM
21528
6048
2066
WAV1XXX2.ACM
23026
6078
2068
WAVES.ACM
117532
28642
2070
WAVES1.ACM
122366
29826
2072
WAW1XXX1.ACM
85516
21300
2074
WAW1XXX2.ACM
82472
20768
2076
WAX1XXX1.ACM
46678
11416
2078
WAX1XXX2.ACM
46146
11541
2080
WAY1XXX1.ACM
55792
14367
2082
WAY1XXX2.ACM
59606
15263
2084
WAZ1XXX1.ACM
33646
9107
2086
WAZ1XXX2.ACM
40124
10098
2088
WEPNBOX.ACM
38698
6578
2090
WF21XXX1.ACM
20808
5055
2092
WF41XXX1.ACM
34000
7818
2094
WFN1XXX1.ACM
89298
19848
2096
WFO1XXX1.ACM
20808
5055
2098
WFP1XXX1.ACM
20808
5055
2100
WFQ1XXX1.ACM
20808
5055
2102
wH#1FXX1.acm
37322
8978
2104
wH#1FXX2.acm
36446
8659
2106
wH#1MXX1.acm
34640
8443
2108
wH#1MXX2.acm
42820
10194
2110
wH#1SXX1.acm
43476
10876
2112
wH#1SXX2.acm
47408
11733
2114
wH#1WXX1.acm
24918
6392
2116
wH#1WXX2.acm
42740
10299
2118
wH#2FXX1.acm
44178
11082
2120
wH#2FXX2.acm
37696
9402
2122
wH#2MXX1.acm
59490
13856
2124
wH#2MXX2.acm
51392
12301
2126
wH#2SXX1.acm
44136
10663
2128
wH#2SXX2.acm
41012
9853
2130
wH#2WXX1.acm
66122
15442
2132
wH#2WXX2.acm
58778
12768
2134
WH$1FXX1.ACM
18886
5067
2136
WH$1FXX2.ACM
19810
5141
2138
WH$2FXX1.ACM
26100
6301
2140
WH$2FXX2.ACM
24424
6072
2142
WH01FXX1.ACM
29056
7037
2144
WH02FXX1.ACM
32896
7375
2146
WH11FXX1.ACM
23446
5437
2148
WH21FXX1.ACM
13628
3148
2150
WH21FXX2.ACM
12986
3012
2152
WH21MXX1.ACM
23970
5891
2154
WH21MXX2.ACM
23970
5891
2156
WH21SXX1.ACM
10698
2425
2158
WH21SXX2.ACM
10698
2425
2160
WH21WXX1.ACM
12686
2790
2162
WH21WXX2.ACM
18758
4323
2164
WH31FXX1.ACM
14098
3877
2166
WH31FXX2.ACM
19328
4430
2168
WH31MXX1.ACM
16900
4151
2170
WH31MXX2.ACM
20928
5133
2172
WH32FXX1.ACM
14382
3468
2174
WH32FXX2.ACM
18470
4738
2176
WH32MXX1.ACM
18140
4782
2178
WH32WXX1.ACM
17756
4292
2180
WH32WXX2.ACM
20480
5098
2182
WH41FXX1.ACM
13184
3177
2184
WH41MXX1.ACM
14848
3888
2186
WH41WXX1.ACM
17756
4292
2188
WH41WXX2.ACM
20480
5098
2190
WH42FXX1.ACM
38466
8954
2192
WH42FXX2.ACM
19328
4430
2194
WH42MXX1.ACM
17348
4492
2196
WH42SXX1.ACM
26772
6291
2198
WH42WXX1.ACM
16076
4068
2200
WH51FXX1.ACM
20322
5120
2202
WH51MXX1.ACM
27206
6782
2204
WH52FXX1.ACM
21064
5208
2206
WH52MXX1.ACM
21434
5649
2208
WH61FXX1.ACM
16678
4046
2210
WH61MXX1.ACM
21178
5673
2212
WH62FXX1.ACM
19322
4606
2214
WH62MXX1.ACM
21178
5673
2216
WH71FXX1.ACM
23860
5985
2218
WH71MXX1.ACM
24002
5936
2220
WH72FXX1.ACM
22630
5667
2222
WH72MXX1.ACM
24140
5890
2224
WH81FXX1.ACM
24970
6228
2226
WH81FXX2.ACM
20370
5057
2228
WH81MXX1.ACM
18972
4513
2230
WH81MXX2.ACM
22484
5803
2232
WH82FXX1.ACM
27546
6974
2234
WH82MXX1.ACM
28256
7185
2236
WH82SXX1.ACM
30624
7434
2238
WH82WXX1.ACM
23512
5867
2240
WH91FXX1.ACM
42548
11192
2242
WH92FXX1.ACM
41508
10562
2244
WH@1MXX1.ACM
36592
9085
2246
WH@1MXX2.ACM
19344
4994
2248
WH@2MXX1.ACM
59124
15039
2250
WH@2MXX2.ACM
43054
11089
2252
WHA1FXX1.ACM
15100
4066
2254
WHA1FXX2.ACM
35264
9115
2256
WHA1MXX1.ACM
32664
7940
2258
WHA1MXX2.ACM
26686
6999
2260
WHA1SXX1.ACM
26344
6996
2262
WHA1SXX2.ACM
26692
7050
2264
WHA1WXX1.ACM
27054
7063
2266
WHA1WXX2.ACM
37778
9943
2268
WHB1FXX1.ACM
15100
4066
2270
WHB1FXX2.ACM
35264
9115
2272
WHB1MXX1.ACM
32664
7940
2274
WHB1MXX2.ACM
26686
6999
2276
WHB1SXX1.ACM
26344
6996
2278
WHB1SXX2.ACM
26692
7050
2280
WHB1WXX1.ACM
27054
7063
2282
WHB1WXX2.ACM
37778
9943
2284
WHC1FXX1.ACM
28042
7194
2286
WHC1FXX2.ACM
48884
12257
2288
WHC1MXX1.ACM
41262
10362
2290
WHC1MXX2.ACM
44424
10877
2292
WHC1SXX1.ACM
38566
9952
2294
WHC1SXX2.ACM
50328
12505
2296
WHC1WXX1.ACM
47678
12002
2298
WHC1WXX2.ACM
47020
11853
2300
WHD1FXX1.acm
53558
12718
2302
WHD1FXX2.acm
47994
12051
2304
WHD1MXX1.acm
73382
17936
2306
WHD1MXX2.acm
73122
17895
2308
WHD1SXX1.acm
86552
20544
2310
WHD1SXX2.acm
59406
16069
2312
WHD1WXX1.acm
47616
10563
2314
WHD1WXX2.acm
41472
10426
2316
WHD2FXX1.acm
44178
11082
2318
WHD2FXX2.acm
37696
9402
2320
WHD2MXX1.acm
59490
13856
2322
WHD2MXX2.acm
51392
12301
2324
WHD2SXX1.acm
44136
10663
2326
WHD2SXX2.acm
41012
9853
2328
WHD2WXX1.acm
66122
15442
2330
WHD2WXX2.acm
58778
12768
2332
WHE1FXX1.ACM
53558
12718
2334
WHE1FXX2.ACM
47994
12051
2336
WHE1MXX1.ACM
73382
17936
2338
WHE1MXX2.ACM
73122
17895
2340
WHE1SXX1.ACM
86552
20544
2342
WHE1SXX2.ACM
59406
16069
2344
WHE1WXX1.ACM
47616
10563
2346
WHE1WXX2.ACM
41472
10426
2348
WHF1XXX1.ACM
35752
8884
2350
WHG1FXX1.ACM
15100
4066
2352
WHG1FXX2.ACM
35264
9115
2354
WHG1MXX1.ACM
32664
7940
2356
WHG1MXX2.ACM
26686
6999
2358
WHG1SXX1.ACM
26344
6996
2360
WHG1SXX2.ACM
26692
7050
2362
WHG1WXX1.ACM
27054
7063
2364
WHG1WXX2.ACM
37778
9943
2366
WHH1FXX1.ACM
53558
12718
2368
WHH1FXX2.ACM
47994
12051
2370
WHH1MXX1.ACM
73382
17936
2372
WHH1MXX2.ACM
73122
17895
2374
WHH1SXX1.ACM
86552
20544
2376
WHH1SXX2.ACM
59406
16069
2378
WHH1WXX1.ACM
47616
10563
2380
WHH1WXX2.ACM
41472
10426
2382
WHH2FXX1.ACM
44178
11082
2384
WHH2FXX2.ACM
37696
9402
2386
WHH2MXX1.ACM
59490
13856
2388
WHH2MXX2.ACM
51392
12301
2390
WHH2SXX1.ACM
44136
10663
2392
WHH2SXX2.ACM
41012
9853
2394
WHH2WXX1.ACM
66122
15442
2396
WHH2WXX2.ACM
58778
12768
2398
WHJ1FXX1.ACM
28042
7194
2400
WHJ1FXX2.ACM
48884
12257
2402
WHJ1MXX1.ACM
41262
10362
2404
WHJ1MXX2.ACM
44424
10877
2406
WHJ1SXX1.ACM
38566
9952
2408
WHJ1SXX2.ACM
50328
12505
2410
WHJ1WXX1.ACM
47678
12002
2412
WHJ1WXX2.ACM
47020
11853
2414
WHK1XXX1.ACM
35752
8884
2416
WHL1FXX1.acm
60822
14778
2418
WHL1FXX2.acm
57262
13922
2420
WHL1MXX1.acm
63902
15834
2422
WHL1MXX2.acm
56944
14366
2424
WHL1SXX1.acm
51882
13218
2426
WHL1SXX2.acm
58582
15132
2428
WHL1WXX1.acm
63076
16048
2430
WHL1WXX2.acm
104646
26168
2432
WHM1FXX1.ACM
28334
7130
2434
WHM1FXX2.ACM
40948
10073
2436
WHM1MXX1.ACM
40532
9993
2438
WHM1MXX2.ACM
37870
9533
2440
WHM1SXX1.ACM
49008
12189
2442
WHM1SXX2.ACM
40870
10142
2444
WHM1WXX1.ACM
42256
11042
2446
WHM1WXX2.ACM
54536
13745
2448
WHN1XXX1.ACM
80258
19715
2450
WHN1XXX2.ACM
74590
18961
2452
WHO1XXX1.ACM
65298
16222
2454
WHO1XXX2.ACM
59856
15272
2456
WHP1XXX1.ACM
66380
17008
2458
WHQ1XXX1.ACM
56968
14295
2460
WHR1FXX1.ACM
46466
10945
2462
WHR1FXX2.ACM
54806
12647
2464
WHR1MXX1.ACM
28808
5713
2466
WHR1MXX2.ACM
29442
6559
2468
WHR1SXX1.ACM
35458
7488
2470
WHR1SXX2.ACM
33556
7674
2472
WHR1WXX1.ACM
23418
5623
2474
WHR1WXX2.ACM
23480
5428
2476
WHS1FXX1.ACM
62844
15406
2478
WHS1FXX2.ACM
55918
13570
2480
WHS1MXX1.ACM
57762
12472
2482
WHS1MXX2.ACM
54434
12081
2484
WHS1SXX1.ACM
39010
9169
2486
WHS1WXX1.ACM
37598
9094
2488
WHS1WXX2.ACM
37600
9088
2490
WHU1FXX1.ACM
15774
2529
2492
WHU1FXX2.ACM
15774
2529
2494
WHU1MXX1.ACM
15950
3253
2496
WHU1MXX2.ACM
14620
2782
2498
WHU1SXX1.ACM
15620
3078
2500
WHU1SXX2.ACM
16490
2907
2502
WHU1WXX1.ACM
12392
2679
2504
WHU1WXX2.ACM
19598
3481
2506
WHV1FXX1.ACM
26968
6994
2508
WHV1FXX2.ACM
21766
5504
2510
WHV1MXX1.ACM
27568
6187
2512
WHV1MXX2.ACM
29712
6510
2514
WHV1SXX1.ACM
26548
6004
2516
WHV1SXX2.ACM
26548
6004
2518
WHV1WXX1.ACM
17658
5103
2520
WHV1WXX2.ACM
25442
6337
2522
WHW1FXX1.ACM
29264
8087
2524
WHW1FXX2.ACM
38372
10106
2526
WHW1MXX1.ACM
33106
7345
2528
WHW1MXX2.ACM
37944
8128
2530
WHW1SXX1.ACM
27666
6940
2532
WHW1SXX2.ACM
38168
9864
2534
WHW1WXX1.ACM
40278
10209
2536
WHW1WXX2.ACM
28302
6981
2538
WHX1FXX1.ACM
47252
12125
2540
WHX1FXX2.ACM
30800
8169
2542
WHX1MXX1.ACM
49110
12236
2544
WHX1MXX2.ACM
64612
13516
2546
WHX1SXX1.ACM
62690
15776
2548
WHX1SXX2.ACM
62542
15835
2550
WHX1WXX1.ACM
32704
8137
2552
WHX1WXX2.ACM
29842
7757
2554
WHY1FXX1.ACM
28030
7206
2556
WHY1FXX2.ACM
19292
5113
2558
WHY1MXX1.ACM
25820
6981
2560
WHY1MXX2.ACM
24836
6256
2562
WHY1SXX1.ACM
37872
9408
2564
WHY1SXX2.ACM
78554
17662
2566
WHY1WXX1.ACM
34646
9103
2568
WHY1WXX2.ACM
35242
9149
2570
WHZ1FXX1.ACM
19668
5164
2572
WHZ1FXX2.ACM
18740
5094
2574
WHZ1MXX1.ACM
14376
4070
2576
WHZ1MXX2.ACM
17026
3965
2578
WHZ1SXX1.ACM
29868
7344
2580
WHZ1SXX2.ACM
32788
8169
2582
WHZ1WXX1.ACM
21606
5776
2584
WHZ1WXX2.ACM
22604
5715
2586
WINDDOO1.ACM
114724
27421
2588
WINDDOOR.ACM
117996
28469
2590
WINNER.ACM
105952
26749
2592
wO#1XXX1.ACM
13580
4010
2594
WO#XXXX1.ACM
13580
4010
2596
WO@1XXX1.ACM
18486
5128
2598
WO@XXXX1.ACM
18402
5121
2600
WOA1XXX1.ACM
15568
4089
2602
WOB1XXX1.ACM
13036
3827
2604
WOC1XXX1.ACM
16602
4292
2606
WOD1XXX1.ACM
13530
3952
2608
WOE1XXX1.ACM
13036
3827
2610
WOF1XXX1.ACM
11514
3078
2612
WOG1XXX1.ACM
13530
3944
2614
WOH1XXX1.ACM
14814
3998
2616
WOI1XXX1.ACM
20144
5050
2618
WOJ1XXX1.ACM
29660
8007
2620
WOK1XXX1.ACM
13722
4027
2622
WOL1XXX1.ACM
13586
3939
2624
WOM1XXX1.ACM
17466
4812
2626
WON1XXX1.ACM
13530
3952
2628
WOR1XXX1.ACM
14482
3455
2630
WOS1XXX1.ACM
51772
11741
2632
WOU1XXX1.ACM
5150
1957
2634
WOV1XXX1.ACM
17248
4873
2636
WOVXXXX1.ACM
17248
4873
2638
WOW1XXX1.ACM
37142
9335
2640
WOWXXXX1.ACM
37142
9335
2642
WOX1XXX1.ACM
20778
5186
2644
WOXXXXX1.ACM
20778
5186
2646
WOY1XXX1.ACM
13716
3958
2648
WOYXXXX1.ACM
13716
3958
2650
WOZ1XXX1.ACM
35038
9008
2652
WOZXXXX1.ACM
35038
9008
2654
wR#1XXX1.ACM
38674
10159
2656
WR#XXXX1.ACM
38674
10159
2658
WR@1XXX1.ACM
44676
11039
2660
WR@XXXX1.ACM
38134
10198
2662
WRA1XXX1.ACM
22838
6066
2664
WRB1XXX1.ACM
22838
6066
2666
WRC1XXX1.ACM
36440
6998
2668
WRD1XXX1.ACM
31622
7630
2670
WRE1XXX1.ACM
22838
6066
2672
WRF1XXX1.ACM
16184
4092
2674
WRG1XXX1.ACM
28032
7109
2676
WRH1XXX1.ACM
29348
7331
2678
WRI1XXX1.ACM
21478
5744
2680
WRJ1XXX1.ACM
29016
7309
2682
WRK1XXX1.ACM
22314
6180
2684
WRL1XXX1.ACM
37276
9324
2686
WRM1XXX1.ACM
29530
7957
2688
WRN1XXX1.ACM
23114
5809
2690
WRR1XXX1.ACM
51038
11205
2692
WRS1XXX1.ACM
102384
23625
2694
WRU1XXX1.ACM
31374
7453
2696
WRUXXXX1.ACM
31374
7453
2698
WRV1XXX1.ACM
25430
6035
2700
WRVXXXX1.ACM
25430
6035
2702
WRW1XXX1.ACM
63554
16445
2704
WRX1XXX1.ACM
51814
13157
2706
WRXXXXX1.ACM
51814
13157
2708
WRY1XXX1.ACM
56052
14272
2710
WRYXXXX1.ACM
56052
14272
2712
WRZ1XXX1.ACM
48846
12339
2714
WRZXXXX1.ACM
48846
12339
2716
WWHNXXX2.ACM
80254
18250
2718
ZAPPER.ACM
29292
7172
2720
ZAPPER1.ACM
32450
6796
2722
ZIPPER.ACM
39872
10265
2724
