Found directory Translations/english
CREDITS.TXT is TXT, but not indexed. Skipping!
QUOTES.TXT is TXT, but not indexed. Skipping!
processing cuts/BOIL1.SVE with encoding cp1252
processing cuts/BOIL2.SVE with encoding cp1252
processing cuts/BOIL3.SVE with encoding cp1252
cuts/EXP_N_10.TXT is indexed TXT
processing cuts/EXP_N_10.TXT with encoding cp1252
cuts/EXP_N_11.TXT is indexed TXT
processing cuts/EXP_N_11.TXT with encoding cp1252
cuts/EXP_N_12.TXT is indexed TXT
processing cuts/EXP_N_12.TXT with encoding cp1252
cuts/EXP_N_13.TXT is indexed TXT
processing cuts/EXP_N_13.TXT with encoding cp1252
cuts/EXP_N_15.TXT is indexed TXT
processing cuts/EXP_N_15.TXT with encoding cp1252
cuts/EXP_N_16.TXT is indexed TXT
processing cuts/EXP_N_16.TXT with encoding cp1252
cuts/EXP_N_18.TXT is indexed TXT
processing cuts/EXP_N_18.TXT with encoding cp1252
cuts/EXP_N_19.TXT is indexed TXT
processing cuts/EXP_N_19.TXT with encoding cp1252
cuts/EXP_N_20.TXT is indexed TXT
processing cuts/EXP_N_20.TXT with encoding cp1252
cuts/EXP_N_21.TXT is indexed TXT
processing cuts/EXP_N_21.TXT with encoding cp1252
cuts/EXP_N_22.TXT is indexed TXT
processing cuts/EXP_N_22.TXT with encoding cp1252
cuts/EXP_N_23.TXT is indexed TXT
processing cuts/EXP_N_23.TXT with encoding cp1252
cuts/EXP_N_24.TXT is indexed TXT
processing cuts/EXP_N_24.TXT with encoding cp1252
cuts/EXP_N_25.TXT is indexed TXT
processing cuts/EXP_N_25.TXT with encoding cp1252
cuts/EXP_N_27.TXT is indexed TXT
processing cuts/EXP_N_27.TXT with encoding cp1252
cuts/EXP_N_28.TXT is indexed TXT
processing cuts/EXP_N_28.TXT with encoding cp1252
cuts/EXP_N_29.TXT is indexed TXT
processing cuts/EXP_N_29.TXT with encoding cp1252
cuts/EXP_N_31.TXT is indexed TXT
processing cuts/EXP_N_31.TXT with encoding cp1252
cuts/EXP_N_32.TXT is indexed TXT
processing cuts/EXP_N_32.TXT with encoding cp1252
cuts/EXP_N_34.TXT is indexed TXT
processing cuts/EXP_N_34.TXT with encoding cp1252
cuts/EXP_N_35.TXT is indexed TXT
processing cuts/EXP_N_35.TXT with encoding cp1252
cuts/EXP_N_36.TXT is indexed TXT
processing cuts/EXP_N_36.TXT with encoding cp1252
cuts/EXP_N_37.TXT is indexed TXT
processing cuts/EXP_N_37.TXT with encoding cp1252
cuts/EXP_N_40.TXT is indexed TXT
processing cuts/EXP_N_40.TXT with encoding cp1252
cuts/EXP_N_50.txt is indexed TXT
processing cuts/EXP_N_50.txt with encoding cp1252
cuts/EXP_N_51.txt is indexed TXT
processing cuts/EXP_N_51.txt with encoding cp1252
cuts/EXP_N_52.txt is indexed TXT
processing cuts/EXP_N_52.txt with encoding cp1252
cuts/EXP_N_53.txt is indexed TXT
processing cuts/EXP_N_53.txt with encoding cp1252
cuts/EXP_N_54.txt is indexed TXT
processing cuts/EXP_N_54.txt with encoding cp1252
cuts/EXP_N_55.txt is indexed TXT
processing cuts/EXP_N_55.txt with encoding cp1252
cuts/EXP_N_56.txt is indexed TXT
processing cuts/EXP_N_56.txt with encoding cp1252
cuts/EXP_N_57.txt is indexed TXT
processing cuts/EXP_N_57.txt with encoding cp1252
cuts/EXP_N_58.txt is indexed TXT
processing cuts/EXP_N_58.txt with encoding cp1252
cuts/EXP_N_59.txt is indexed TXT
processing cuts/EXP_N_59.txt with encoding cp1252
cuts/EXP_N_60.txt is indexed TXT
processing cuts/EXP_N_60.txt with encoding cp1252
cuts/EXP_N_61.txt is indexed TXT
processing cuts/EXP_N_61.txt with encoding cp1252
cuts/EXP_N_62.txt is indexed TXT
processing cuts/EXP_N_62.txt with encoding cp1252
cuts/EXP_N_63.txt is indexed TXT
processing cuts/EXP_N_63.txt with encoding cp1252
cuts/EXP_N_64.txt is indexed TXT
processing cuts/EXP_N_64.txt with encoding cp1252
processing cuts/INTRO.SVE with encoding cp1252
cuts/NARRATE.TXT is indexed TXT
processing cuts/NARRATE.TXT with encoding cp1252
cuts/NAR_2.TXT is indexed TXT
processing cuts/NAR_2.TXT with encoding cp1252
cuts/NAR_3.TXT is indexed TXT
processing cuts/NAR_3.TXT with encoding cp1252
cuts/NAR_4.TXT is indexed TXT
processing cuts/NAR_4.TXT with encoding cp1252
cuts/NAR_5.TXT is indexed TXT
processing cuts/NAR_5.TXT with encoding cp1252
cuts/NAR_6.TXT is indexed TXT
processing cuts/NAR_6.TXT with encoding cp1252
cuts/NAR_7.TXT is indexed TXT
processing cuts/NAR_7.TXT with encoding cp1252
cuts/NAR_8.TXT is indexed TXT
processing cuts/NAR_8.TXT with encoding cp1252
cuts/NAR_9.TXT is indexed TXT
processing cuts/NAR_9.TXT with encoding cp1252
cuts/NAR_10.TXT is indexed TXT
processing cuts/NAR_10.TXT with encoding cp1252
cuts/NAR_11.TXT is indexed TXT
processing cuts/NAR_11.TXT with encoding cp1252
cuts/NAR_12.TXT is indexed TXT
processing cuts/NAR_12.TXT with encoding cp1252
cuts/NAR_13.TXT is indexed TXT
processing cuts/NAR_13.TXT with encoding cp1252
cuts/NAR_15.TXT is indexed TXT
processing cuts/NAR_15.TXT with encoding cp1252
cuts/NAR_16.TXT is indexed TXT
processing cuts/NAR_16.TXT with encoding cp1252
cuts/NAR_18.TXT is indexed TXT
processing cuts/NAR_18.TXT with encoding cp1252
cuts/NAR_19.TXT is indexed TXT
processing cuts/NAR_19.TXT with encoding cp1252
cuts/NAR_20.TXT is indexed TXT
processing cuts/NAR_20.TXT with encoding cp1252
cuts/NAR_21.TXT is indexed TXT
processing cuts/NAR_21.TXT with encoding cp1252
cuts/NAR_22.TXT is indexed TXT
processing cuts/NAR_22.TXT with encoding cp1252
cuts/NAR_23.TXT is indexed TXT
processing cuts/NAR_23.TXT with encoding cp1252
cuts/NAR_24.TXT is indexed TXT
processing cuts/NAR_24.TXT with encoding cp1252
cuts/NAR_25.TXT is indexed TXT
processing cuts/NAR_25.TXT with encoding cp1252
cuts/NAR_27.TXT is indexed TXT
processing cuts/NAR_27.TXT with encoding cp1252
cuts/NAR_28.TXT is indexed TXT
processing cuts/NAR_28.TXT with encoding cp1252
cuts/NAR_29.TXT is indexed TXT
processing cuts/NAR_29.TXT with encoding cp1252
cuts/NAR_31.TXT is indexed TXT
processing cuts/NAR_31.TXT with encoding cp1252
cuts/NAR_32.TXT is indexed TXT
processing cuts/NAR_32.TXT with encoding cp1252
cuts/NAR_34.TXT is indexed TXT
processing cuts/NAR_34.TXT with encoding cp1252
cuts/NAR_35.TXT is indexed TXT
processing cuts/NAR_35.TXT with encoding cp1252
cuts/NAR_36.TXT is indexed TXT
processing cuts/NAR_36.TXT with encoding cp1252
cuts/NAR_37.TXT is indexed TXT
processing cuts/NAR_37.TXT with encoding cp1252
cuts/NAR_38.TXT is indexed TXT
processing cuts/NAR_38.TXT with encoding cp1252
cuts/NAR_39.TXT is indexed TXT
processing cuts/NAR_39.TXT with encoding cp1252
cuts/NAR_40.TXT is indexed TXT
processing cuts/NAR_40.TXT with encoding cp1252
cuts/NAR_41.TXT is indexed TXT
processing cuts/NAR_41.TXT with encoding cp1252
cuts/NAR_42.TXT is indexed TXT
processing cuts/NAR_42.TXT with encoding cp1252
cuts/NAR_44.TXT is indexed TXT
processing cuts/NAR_44.TXT with encoding cp1252
cuts/NAR_45.TXT is indexed TXT
processing cuts/NAR_45.TXT with encoding cp1252
cuts/NAR_46.TXT is indexed TXT
processing cuts/NAR_46.TXT with encoding cp1252
processing cuts/OVRINTRO.SVE with encoding cp1252
cuts/OVRINTRO.TXT is TXT, but not indexed. Skipping!
processing dialog/ABEL.MSG with encoding cp1252
processing dialog/ADYTOWNR.MSG with encoding cp1252
processing dialog/AGATHA.MSG with encoding cp1252
processing dialog/AGATHBED.MSG with encoding cp1252
processing dialog/AIRGRD.MSG with encoding cp1252
processing dialog/AIRLOCK.MSG with encoding cp1252
processing dialog/ALAN.MSG with encoding cp1252
processing dialog/ALEX.MSG with encoding cp1252
processing dialog/ALLDOGS.MSG with encoding cp1252
processing dialog/ALLNONE.MSG with encoding cp1252
processing dialog/ALYA.MSG with encoding cp1252
processing dialog/AMBER.MSG with encoding cp1252
processing dialog/ANDREW.MSG with encoding cp1252
processing dialog/ARADESH.MSG with encoding cp1252
processing dialog/ARMOR.MSG with encoding cp1252
processing dialog/ARTIFACT.MSG with encoding cp1252
processing dialog/AVERY.MSG with encoding cp1252
processing dialog/BAKA.MSG with encoding cp1252
processing dialog/BARFLY.MSG with encoding cp1252
processing dialog/BARRACUS.MSG with encoding cp1252
processing dialog/BARRY.MSG with encoding cp1252
processing dialog/BARSTOW.MSG with encoding cp1252
processing dialog/BARTER.MSG with encoding cp1252
processing dialog/BECA.MSG with encoding cp1252
processing dialog/BGUARD.MSG with encoding cp1252
processing dialog/BILL.MSG with encoding cp1252
processing dialog/BILLY.MSG with encoding cp1252
processing dialog/BITSBOB.MSG with encoding cp1252
processing dialog/BLADE.MSG with encoding cp1252
processing dialog/BLAST.MSG with encoding cp1252
processing dialog/BLKROM.MSG with encoding cp1252
processing dialog/BLKROOM.MSG with encoding cp1252
processing dialog/BOB.MSG with encoding cp1252
processing dialog/BOBDOUG.MSG with encoding cp1252
processing dialog/BOBSIGN.MSG with encoding cp1252
processing dialog/BONEBODY.MSG with encoding cp1252
processing dialog/BOOKCASE.MSG with encoding cp1252
processing dialog/BOSASIST.MSG with encoding cp1252
processing dialog/BOSLORRI.MSG with encoding cp1252
processing dialog/BOXGUARD.MSG with encoding cp1252
processing dialog/BRAHMIN.MSG with encoding cp1252
processing dialog/BRENDEN.MSG with encoding cp1252
processing dialog/BROELD.MSG with encoding cp1252
processing dialog/BROINVAD.MSG with encoding cp1252
processing dialog/BULLBORD.MSG with encoding cp1252
processing dialog/BUTCH.MSG with encoding cp1252
processing dialog/BV2VAULT.MSG with encoding cp1252
processing dialog/BVAIR.MSG with encoding cp1252
processing dialog/BVAIRL.MSG with encoding cp1252
processing dialog/BVBROKEN.MSG with encoding cp1252
processing dialog/BVCACHE.MSG with encoding cp1252
processing dialog/BVCORE.MSG with encoding cp1252
processing dialog/BVENT.MSG with encoding cp1252
processing dialog/BVLIB.MSG with encoding cp1252
processing dialog/BVLIVE.MSG with encoding cp1252
processing dialog/BVMEET.MSG with encoding cp1252
processing dialog/BVSTORE.MSG with encoding cp1252
processing dialog/BYCHRIS.MSG with encoding cp1252
processing dialog/BYGREG.MSG with encoding cp1252
processing dialog/BYMIKE.MSG with encoding cp1252
processing dialog/CABBOT.MSG with encoding cp1252
processing dialog/CALDER.MSG with encoding cp1252
processing dialog/CALEB.MSG with encoding cp1252
processing dialog/CALLY.MSG with encoding cp1252
processing dialog/CARARRIV.MSG with encoding cp1252
processing dialog/CARCUST.MSG with encoding cp1252
processing dialog/CARDRVR.MSG with encoding cp1252
processing dialog/CARGRD.MSG with encoding cp1252
processing dialog/CARVLEAD.MSG with encoding cp1252
processing dialog/CATHSHOP.MSG with encoding cp1252
processing dialog/CAVEWALL.MSG with encoding cp1252
processing dialog/CCVAN.MSG with encoding cp1252
processing dialog/CHAIR.MSG with encoding cp1252
processing dialog/CHANTER.MSG with encoding cp1252
processing dialog/CHARBODY.MSG with encoding cp1252
processing dialog/CHDGUARD.MSG with encoding cp1252
processing dialog/CHDSCOUT.MSG with encoding cp1252
processing dialog/CHEATER.MSG with encoding cp1252
processing dialog/CHEPSLOT.MSG with encoding cp1252
processing dialog/CHIDGAB.MSG with encoding cp1252
processing dialog/CHIDINIT.MSG with encoding cp1252
processing dialog/CHIDNITE.MSG with encoding cp1252
processing dialog/CHIDSCOL.MSG with encoding cp1252
processing dialog/CHILD.MSG with encoding cp1252
processing dialog/CHILDMEM.MSG with encoding cp1252
processing dialog/CHILDRN1.MSG with encoding cp1252
processing dialog/CHILDRN2.MSG with encoding cp1252
processing dialog/CHOCTECH.MSG with encoding cp1252
processing dialog/CHUCK.MSG with encoding cp1252
processing dialog/CINDY.MSG with encoding cp1252
processing dialog/CITIZEN.MSG with encoding cp1252
processing dialog/CLEO.MSG with encoding cp1252
processing dialog/CODEDISK.MSG with encoding cp1252
processing dialog/COKE.MSG with encoding cp1252
processing dialog/COMMAND.MSG with encoding cp1252
processing dialog/COMPUTER.MSG with encoding cp1252
processing dialog/COOK.MSG with encoding cp1252
processing dialog/COOKSHEL.MSG with encoding cp1252
processing dialog/COOKTABL.MSG with encoding cp1252
processing dialog/CORECOMP.MSG with encoding cp1252
processing dialog/COUGAR.MSG with encoding cp1252
processing dialog/COVER.MSG with encoding cp1252
processing dialog/CRASHBOX.MSG with encoding cp1252
processing dialog/CRASHRM.MSG with encoding cp1252
processing dialog/CREDDOOR.MSG with encoding cp1252
processing dialog/CRVNDRVR.MSG with encoding cp1252
processing dialog/CRVNENMY.MSG with encoding cp1252
processing dialog/CRVNTEAM.msg with encoding cp1252
processing dialog/CURTIS.MSG with encoding cp1252
processing dialog/DAN.MSG with encoding cp1252
processing dialog/DANE.MSG with encoding cp1252
processing dialog/DANWIFE.MSG with encoding cp1252
processing dialog/DARREL.MSG with encoding cp1252
processing dialog/DCMUTANT.MSG with encoding cp1252
processing dialog/DEAD.MSG with encoding cp1252
processing dialog/DEADBRO.MSG with encoding cp1252
processing dialog/DEADCOMP.MSG with encoding cp1252
processing dialog/DEADGUY.MSG with encoding cp1252
processing dialog/DEALER.MSG with encoding cp1252
processing dialog/DECKER.MSG with encoding cp1252
processing dialog/DECKGRD.MSG with encoding cp1252
processing dialog/DEMETRE.MSG with encoding cp1252
processing dialog/DEMOCLUE.MSG with encoding cp1252
processing dialog/DEMOCOMP.MSG with encoding cp1252
processing dialog/DEMOCRYP.MSG with encoding cp1252
processing dialog/DEMODOG.MSG with encoding cp1252
processing dialog/DEMODOOR.MSG with encoding cp1252
processing dialog/DEMOFOOL.MSG with encoding cp1252
processing dialog/DEMOGEN.MSG with encoding cp1252
processing dialog/DEMOLEX.MSG with encoding cp1252
processing dialog/DEMOPEAS.MSG with encoding cp1252
processing dialog/DEMOPHIL.MSG with encoding cp1252
processing dialog/DEPFRY.MSG with encoding cp1252
processing dialog/DESK.MSG with encoding cp1252
processing dialog/DIANA.MSG with encoding cp1252
processing dialog/DIRTNAP.MSG with encoding cp1252
processing dialog/DISKA.MSG with encoding cp1252
processing dialog/DISKD.MSG with encoding cp1252
processing dialog/DOCLOCKR.MSG with encoding cp1252
processing dialog/DOCWU.MSG with encoding cp1252
processing dialog/DOGMEAT.MSG with encoding cp1252
processing dialog/DOLGAN.MSG with encoding cp1252
processing dialog/DOOR.MSG with encoding cp1252
processing dialog/DOORCODE.MSG with encoding cp1252
processing dialog/DRAGON.MSG with encoding cp1252
processing dialog/DUC.MSG with encoding cp1252
processing dialog/DUGAN.MSG with encoding cp1252
processing dialog/DUMAR.MSG with encoding cp1252
processing dialog/ECHANDLR.MSG with encoding cp1252
processing dialog/ECHUNTRA.MSG with encoding cp1252
processing dialog/ECHUNTRB.MSG with encoding cp1252
processing dialog/ECHUNTRC.MSG with encoding cp1252
processing dialog/ELECDOOR.MSG with encoding cp1252
processing dialog/ELECTRAP.MSG with encoding cp1252
processing dialog/ELEVATR.MSG with encoding cp1252
processing dialog/EMITER1A.MSG with encoding cp1252
processing dialog/ENCQUACK.msg with encoding cp1252
processing dialog/ENEMY.MSG with encoding cp1252
processing dialog/EYEBOT.msg with encoding cp1252
processing dialog/FALCON1.MSG with encoding cp1252
processing dialog/FARLI.MSG with encoding cp1252
processing dialog/FARMPART.MSG with encoding cp1252
processing dialog/FEARDARK.MSG with encoding cp1252
processing dialog/FEMFARMR.MSG with encoding cp1252
processing dialog/FEVDISK.MSG with encoding cp1252
processing dialog/FGTCARVN.MSG with encoding cp1252
processing dialog/FGTGARD.MSG with encoding cp1252
processing dialog/FGTRTNVN.MSG with encoding cp1252
processing dialog/FIELDA.MSG with encoding cp1252
processing dialog/FIELDGEN.MSG with encoding cp1252
processing dialog/FIRE.MSG with encoding cp1252
processing dialog/FISHRMAN.MSG with encoding cp1252
processing dialog/FISHRSON.MSG with encoding cp1252
processing dialog/FLARE.MSG with encoding cp1252
processing dialog/FLASH.MSG with encoding cp1252
processing dialog/FLIP.MSG with encoding cp1252
processing dialog/FLSUPMUT.MSG with encoding cp1252
processing dialog/FOLGUARD.MSG with encoding cp1252
processing dialog/FOLINIT.MSG with encoding cp1252
processing dialog/FOLINVAD.MSG with encoding cp1252
processing dialog/FOLSCHOL.MSG with encoding cp1252
processing dialog/FOLSCOUT.MSG with encoding cp1252
processing dialog/FOOTPRNT.MSG with encoding cp1252
processing dialog/FORCCOMP.MSG with encoding cp1252
processing dialog/FORCECON.MSG with encoding cp1252
processing dialog/FRANCIS.MSG with encoding cp1252
processing dialog/FREEZER.MSG with encoding cp1252
processing dialog/FRUIT.MSG with encoding cp1252
processing dialog/FRY.MSG with encoding cp1252
processing dialog/FRYSTUB.MSG with encoding cp1252
processing dialog/GABRIEL.MSG with encoding cp1252
processing dialog/GAMBLER.MSG with encoding cp1252
processing dialog/GANGER.MSG with encoding cp1252
processing dialog/GAR2.MSG with encoding cp1252
processing dialog/GARL.MSG with encoding cp1252
processing dialog/GARRET.MSG with encoding cp1252
processing dialog/GARY.MSG with encoding cp1252
processing dialog/GASTRAP.MSG with encoding cp1252
processing dialog/GATEDEMO.MSG with encoding cp1252
processing dialog/GDOOR.MSG with encoding cp1252
processing dialog/GENCHANT.MSG with encoding cp1252
processing dialog/GENCHAT.MSG with encoding cp1252
processing dialog/GENCOP.MSG with encoding cp1252
processing dialog/GENDISK.MSG with encoding cp1252
processing dialog/GENERIC.MSG with encoding cp1252
processing dialog/GENFGT.MSG with encoding cp1252
processing dialog/GENGAMBL.MSG with encoding cp1252
processing dialog/GENGHOUL.MSG with encoding cp1252
processing dialog/GENGLOW1.MSG with encoding cp1252
processing dialog/GENGRDA.MSG with encoding cp1252
processing dialog/GENGRDB.MSG with encoding cp1252
processing dialog/GENKNIGH.MSG with encoding cp1252
processing dialog/GENMERCA.MSG with encoding cp1252
processing dialog/GENMERCB.MSG with encoding cp1252
processing dialog/GENMUTAN.MSG with encoding cp1252
processing dialog/GENPALA.MSG with encoding cp1252
processing dialog/GENPALAD.MSG with encoding cp1252
processing dialog/GENPALB.MSG with encoding cp1252
processing dialog/GENRAID2.MSG with encoding cp1252
processing dialog/GENRAIDB.MSG with encoding cp1252
processing dialog/GENRAIDR.MSG with encoding cp1252
processing dialog/GENSARG.MSG with encoding cp1252
processing dialog/GENSCRIB.MSG with encoding cp1252
processing dialog/GENSKAG.MSG with encoding cp1252
processing dialog/GENSKULZ.MSG with encoding cp1252
processing dialog/GENSUPR.MSG with encoding cp1252
processing dialog/GENVAULT.MSG with encoding cp1252
processing dialog/GHDORGRD.MSG with encoding cp1252
processing dialog/GHGENDED.MSG with encoding cp1252
processing dialog/GHGUARD.MSG with encoding cp1252
processing dialog/GHKICK.MSG with encoding cp1252
processing dialog/GHREFUGE.MSG with encoding cp1252
processing dialog/GHRNDGRD.MSG with encoding cp1252
processing dialog/GHZERO.MSG with encoding cp1252
processing dialog/GIDEON.MSG with encoding cp1252
processing dialog/GIZGUARD.MSG with encoding cp1252
processing dialog/GIZMO.MSG with encoding cp1252
processing dialog/GLO1WEAP.MSG with encoding cp1252
processing dialog/GLO3SUPL.MSG with encoding cp1252
processing dialog/GLO3WEP.MSG with encoding cp1252
processing dialog/GLO4SUPL.MSG with encoding cp1252
processing dialog/GLO4WEAP.MSG with encoding cp1252
processing dialog/GLOBLDOR.MSG with encoding cp1252
processing dialog/GLOBLELV.MSG with encoding cp1252
processing dialog/GLOCABN.MSG with encoding cp1252
processing dialog/GLOCOMP.MSG with encoding cp1252
processing dialog/GLORDDOR.MSG with encoding cp1252
processing dialog/GLOWCAGE.MSG with encoding cp1252
processing dialog/GLOWDESK.MSG with encoding cp1252
processing dialog/GLOWGEN.MSG with encoding cp1252
processing dialog/GLOWONE.MSG with encoding cp1252
processing dialog/GLOWPUMP.MSG with encoding cp1252
processing dialog/GLOWTABL.MSG with encoding cp1252
processing dialog/GLOYLDOR.MSG with encoding cp1252
processing dialog/GLWALIEN.MSG with encoding cp1252
processing dialog/GLWBOX.MSG with encoding cp1252
processing dialog/GOODSLOT.MSG with encoding cp1252
processing dialog/GPWRTERM.MSG with encoding cp1252
processing dialog/GRAFFITI.MSG with encoding cp1252
processing dialog/GRETCH.MSG with encoding cp1252
processing dialog/GRIFFITH.msg with encoding cp1252
processing dialog/GROUNDR.MSG with encoding cp1252
processing dialog/GUARD.MSG with encoding cp1252
processing dialog/GUARD2.MSG with encoding cp1252
processing dialog/GUARDEMO.MSG with encoding cp1252
processing dialog/GUIDO.MSG with encoding cp1252
processing dialog/GUNCACHE.MSG with encoding cp1252
processing dialog/GUNLOCK.MSG with encoding cp1252
processing dialog/GUNRNR.MSG with encoding cp1252
processing dialog/GUNTHER.MSG with encoding cp1252
processing dialog/GUSTOFER.MSG with encoding cp1252
processing dialog/GWEN.MSG with encoding cp1252
processing dialog/HALLGRD.MSG with encoding cp1252
processing dialog/HAROLD.MSG with encoding cp1252
processing dialog/HARRY.MSG with encoding cp1252
processing dialog/HBETH.MSG with encoding cp1252
processing dialog/HBILLIE.MSG with encoding cp1252
processing dialog/HBODGRD2.MSG with encoding cp1252
processing dialog/HCHDGRD.MSG with encoding cp1252
processing dialog/HDTDN2UP.MSG with encoding cp1252
processing dialog/HDTVAULT.MSG with encoding cp1252
processing dialog/HEATHER.MSG with encoding cp1252
processing dialog/HGENCVAN.MSG with encoding cp1252
processing dialog/HGENFARM.MSG with encoding cp1252
processing dialog/HGENGRD.MSG with encoding cp1252
processing dialog/HHOOKERA.MSG with encoding cp1252
processing dialog/HICRAPS.MSG with encoding cp1252
processing dialog/HIGHELD.MSG with encoding cp1252
processing dialog/HIGHTOWR.MSG with encoding cp1252
processing dialog/HJUSTIN.MSG with encoding cp1252
processing dialog/HOTGHOUL.MSG with encoding cp1252
processing dialog/HOTSPOT.MSG with encoding cp1252
processing dialog/HOUSCHAR.MSG with encoding cp1252
processing dialog/HTWRBOX.MSG with encoding cp1252
processing dialog/HTWRGRD.MSG with encoding cp1252
processing dialog/HTWRGRGE.MSG with encoding cp1252
processing dialog/HTWRLEON.MSG with encoding cp1252
processing dialog/HTWRRICK.MSG with encoding cp1252
processing dialog/HTWRWIFE.MSG with encoding cp1252
processing dialog/HUBBER.MSG with encoding cp1252
processing dialog/HUBCAPTR.MSG with encoding cp1252
processing dialog/HUBCARVN.MSG with encoding cp1252
processing dialog/HUBCOP.MSG with encoding cp1252
processing dialog/HUBFLRCD.MSG with encoding cp1252
processing dialog/HUBJAKE.MSG with encoding cp1252
processing dialog/HUBPATNT.MSG with encoding cp1252
processing dialog/HUBPRIS.MSG with encoding cp1252
processing dialog/HUBSMITY.MSG with encoding cp1252
processing dialog/HUNTER.MSG with encoding cp1252
processing dialog/HWMHOST.MSG with encoding cp1252
processing dialog/IAN.MSG with encoding cp1252
processing dialog/INBLADE.MSG with encoding cp1252
processing dialog/INVADED.MSG with encoding cp1252
processing dialog/INVADER.MSG with encoding cp1252
processing dialog/INVGRD.MSG with encoding cp1252
processing dialog/IRWIN.MSG with encoding cp1252
processing dialog/ISMARC.MSG with encoding cp1252
processing dialog/IZO.MSG with encoding cp1252
processing dialog/JAIN.MSG with encoding cp1252
processing dialog/JAKE.MSG with encoding cp1252
processing dialog/JARVIS.MSG with encoding cp1252
processing dialog/JASMINE.MSG with encoding cp1252
processing dialog/JASON.MSG with encoding cp1252
processing dialog/JCHIDMEM.MSG with encoding cp1252
processing dialog/JENNIFER.MSG with encoding cp1252
processing dialog/JEREM.MSG with encoding cp1252
processing dialog/JNKSCOUT.MSG with encoding cp1252
processing dialog/JOBPOST.MSG with encoding cp1252
processing dialog/JON.MSG with encoding cp1252
processing dialog/JTBOB.MSG with encoding cp1252
processing dialog/JTGENGRD.MSG with encoding cp1252
processing dialog/JTPEASNT.MSG with encoding cp1252
processing dialog/JTRAIDER.MSG with encoding cp1252
processing dialog/JULIANNA.MSG with encoding cp1252
processing dialog/JUNKDEMO.MSG with encoding cp1252
processing dialog/JUNKIE.MSG with encoding cp1252
processing dialog/JUNKJAIL.MSG with encoding cp1252
processing dialog/JUNKPEAS.MSG with encoding cp1252
processing dialog/JUSTIN.MSG with encoding cp1252
processing dialog/KALNOR.MSG with encoding cp1252
processing dialog/KANE.MSG with encoding cp1252
processing dialog/KATJA.MSG with encoding cp1252
processing dialog/KENJI.MSG with encoding cp1252
processing dialog/KENNY.MSG with encoding cp1252
processing dialog/KERI.MSG with encoding cp1252
processing dialog/KILDOOR1.MSG with encoding cp1252
processing dialog/KILLIAN.MSG with encoding cp1252
processing dialog/KILLSAFE.MSG with encoding cp1252
processing dialog/KLAXON.msg with encoding cp1252
processing dialog/KNIGHTA.MSG with encoding cp1252
processing dialog/KNIGHTB.MSG with encoding cp1252
processing dialog/KRUPPER.MSG with encoding cp1252
processing dialog/KYLE.MSG with encoding cp1252
processing dialog/LADDER.MSG with encoding cp1252
processing dialog/LAKIDS.MSG with encoding cp1252
processing dialog/LANCE.MSG with encoding cp1252
processing dialog/LARRY.MSG with encoding cp1252
processing dialog/LARS.MSG with encoding cp1252
processing dialog/LARYKNIG.MSG with encoding cp1252
processing dialog/LASHER.MSG with encoding cp1252
processing dialog/LAURA.MSG with encoding cp1252
processing dialog/LAZRTRAP.MSG with encoding cp1252
processing dialog/LEADER.MSG with encoding cp1252
processing dialog/LEMMY.MSG with encoding cp1252
processing dialog/LENNY.MSG with encoding cp1252
processing dialog/LENORE.MSG with encoding cp1252
processing dialog/LEON.MSG with encoding cp1252
processing dialog/LIBCOMP.MSG with encoding cp1252
processing dialog/LIBRARY.MSG with encoding cp1252
processing dialog/LIVINGQ.MSG with encoding cp1252
processing dialog/LOCKER.MSG with encoding cp1252
processing dialog/LONERAID.MSG with encoding cp1252
processing dialog/LOOKOUT.MSG with encoding cp1252
processing dialog/LORENZO.MSG with encoding cp1252
processing dialog/LORRAINE.MSG with encoding cp1252
processing dialog/LOSER.MSG with encoding cp1252
processing dialog/LOWCRAPS.MSG with encoding cp1252
processing dialog/LOXLEY.MSG with encoding cp1252
processing dialog/LT.MSG with encoding cp1252
processing dialog/LYLE.MSG with encoding cp1252
processing dialog/MACHIV.MSG with encoding cp1252
processing dialog/MACRAE.MSG with encoding cp1252
processing dialog/MADSCI.MSG with encoding cp1252
processing dialog/MANAGER.MSG with encoding cp1252
processing dialog/MANGLED.MSG with encoding cp1252
processing dialog/MARCELLE.MSG with encoding cp1252
processing dialog/MARNEY.MSG with encoding cp1252
processing dialog/MASTER.MSG with encoding cp1252
processing dialog/MASTER1.MSG with encoding cp1252
processing dialog/MASTER2.MSG with encoding cp1252
processing dialog/MATHIA.MSG with encoding cp1252
processing dialog/MAXDISK.MSG with encoding cp1252
processing dialog/MAXSON.MSG with encoding cp1252
processing dialog/MBENT.MSG with encoding cp1252
processing dialog/MBOUT2IN.MSG with encoding cp1252
processing dialog/MBSTRONG.MSG with encoding cp1252
processing dialog/MBVATS.MSG with encoding cp1252
processing dialog/MEANDER.MSG with encoding cp1252
processing dialog/MEDIC.MSG with encoding cp1252
processing dialog/MEDLAB.MSG with encoding cp1252
processing dialog/MEETING.MSG with encoding cp1252
processing dialog/MERCH1.MSG with encoding cp1252
processing dialog/MERCHRD1.MSG with encoding cp1252
processing dialog/MICHAEL.MSG with encoding cp1252
processing dialog/MICHELLE.MSG with encoding cp1252
processing dialog/MIKE.MSG with encoding cp1252
processing dialog/MILES.MSG with encoding cp1252
processing dialog/MINE.MSG with encoding cp1252
processing dialog/MISSBRO.MSG with encoding cp1252
processing dialog/MLCORIDR.MSG with encoding cp1252
processing dialog/MLMED.MSG with encoding cp1252
processing dialog/MLOPS.MSG with encoding cp1252
processing dialog/MLPRISON.MSG with encoding cp1252
processing dialog/MOATGRD.MSG with encoding cp1252
processing dialog/MODREACT.MSG with encoding cp1252
processing dialog/MORBCOOL.MSG with encoding cp1252
processing dialog/MORBID.MSG with encoding cp1252
processing dialog/MORPCOMP.MSG with encoding cp1252
processing dialog/MORPH.MSG with encoding cp1252
processing dialog/MOTRCYCL.msg with encoding cp1252
processing dialog/MRHANDYA.MSG with encoding cp1252
processing dialog/MRHANDYC.MSG with encoding cp1252
processing dialog/MSTMERCH.MSG with encoding cp1252
processing dialog/MUTANT2.MSG with encoding cp1252
processing dialog/MUTANT3.MSG with encoding cp1252
processing dialog/MUTANT4.MSG with encoding cp1252
processing dialog/MUTANT5.MSG with encoding cp1252
processing dialog/MUTDISK.MSG with encoding cp1252
processing dialog/MUTEJAR.MSG with encoding cp1252
processing dialog/MUTFRUIT.MSG with encoding cp1252
processing dialog/MVAIRLOC.MSG with encoding cp1252
processing dialog/MVBSHELF.MSG with encoding cp1252
processing dialog/MVCOMP.MSG with encoding cp1252
processing dialog/MVNEWS.MSG with encoding cp1252
processing dialog/MVNUKE.MSG with encoding cp1252
processing dialog/MVRCRDOR.MSG with encoding cp1252
processing dialog/MVSCTSHF.MSG with encoding cp1252
processing dialog/MYSTSTRN.MSG with encoding cp1252
processing dialog/NDEBRIS.MSG with encoding cp1252
processing dialog/NEAL.MSG with encoding cp1252
processing dialog/NEIL.MSG with encoding cp1252
processing dialog/NGARFRDG.MSG with encoding cp1252
processing dialog/NH2OCOMP.MSG with encoding cp1252
processing dialog/NH2OPUMP.MSG with encoding cp1252
processing dialog/NHUP2DN1.MSG with encoding cp1252
processing dialog/NICOLE.MSG with encoding cp1252
processing dialog/OBJ_DUDE.MSG with encoding cp1252
processing dialog/ODDWALL.MSG with encoding cp1252
processing dialog/OFFICER.MSG with encoding cp1252
processing dialog/ORFEO.MSG with encoding cp1252
processing dialog/OVER.MSG with encoding cp1252
processing dialog/PALADINA.MSG with encoding cp1252
processing dialog/PALADINB.MSG with encoding cp1252
processing dialog/PALADINC.MSG with encoding cp1252
processing dialog/PALGUARD.MSG with encoding cp1252
processing dialog/PATRICK.MSG with encoding cp1252
processing dialog/PAUL.MSG with encoding cp1252
processing dialog/PCARGRD.MSG with encoding cp1252
processing dialog/PEASANTC.MSG with encoding cp1252
processing dialog/PEASANTD.MSG with encoding cp1252
processing dialog/PENSMELL.MSG with encoding cp1252
processing dialog/PERNPWR.MSG with encoding cp1252
processing dialog/PETER.MSG with encoding cp1252
processing dialog/PETROX.MSG with encoding cp1252
processing dialog/PEZ.MSG with encoding cp1252
processing dialog/PHIL.MSG with encoding cp1252
processing dialog/PHRAX.MSG with encoding cp1252
processing dialog/PLEASANT.MSG with encoding cp1252
processing dialog/POWERMUT.MSG with encoding cp1252
processing dialog/PRAYING.MSG with encoding cp1252
processing dialog/PRISONR.MSG with encoding cp1252
processing dialog/PSYCHIC.MSG with encoding cp1252
processing dialog/QUARTERS.MSG with encoding cp1252
processing dialog/RADIO.MSG with encoding cp1252
processing dialog/RADIOCOM.MSG with encoding cp1252
processing dialog/RADSCORP.MSG with encoding cp1252
processing dialog/RAE.MSG with encoding cp1252
processing dialog/RAIDMAP.MSG with encoding cp1252
processing dialog/RAIDPRIS.MSG with encoding cp1252
processing dialog/RATION.MSG with encoding cp1252
processing dialog/RATPIT.MSG with encoding cp1252
processing dialog/RAYZE.MSG with encoding cp1252
processing dialog/RAZLO.MSG with encoding cp1252
processing dialog/RAZOR.MSG with encoding cp1252
processing dialog/RD1ALLN1.MSG with encoding cp1252
processing dialog/RD1INIT.MSG with encoding cp1252
processing dialog/RD1RMORY.MSG with encoding cp1252
processing dialog/RD1SCRB1.MSG with encoding cp1252
processing dialog/RDFALCON.MSG with encoding cp1252
processing dialog/REBEL.MSG with encoding cp1252
processing dialog/REGDISK.MSG with encoding cp1252
processing dialog/REGULATR.MSG with encoding cp1252
processing dialog/REVULSE.MSG with encoding cp1252
processing dialog/RHOMBUS.MSG with encoding cp1252
processing dialog/RICHIE.MSG with encoding cp1252
processing dialog/RIPPPRIS.MSG with encoding cp1252
processing dialog/RNDCITY.MSG with encoding cp1252
processing dialog/RNDCOAST.MSG with encoding cp1252
processing dialog/RNDDESRT.MSG with encoding cp1252
processing dialog/RNDMTN.MSG with encoding cp1252
processing dialog/ROBCTRL.MSG with encoding cp1252
processing dialog/ROBOT.MSG with encoding cp1252
processing dialog/ROCK.MSG with encoding cp1252
processing dialog/ROMERO.MSG with encoding cp1252
processing dialog/ROOMGRD.MSG with encoding cp1252
processing dialog/ROPE.MSG with encoding cp1252
processing dialog/ROZBED.MSG with encoding cp1252
processing dialog/RUBCHIP.MSG with encoding cp1252
processing dialog/RUBCORE.MSG with encoding cp1252
processing dialog/RUFUS.MSG with encoding cp1252
processing dialog/RUTGER.MSG with encoding cp1252
processing dialog/SALLY.MSG with encoding cp1252
processing dialog/SAMMAEL.MSG with encoding cp1252
processing dialog/SARAH.MSG with encoding cp1252
processing dialog/SAUL.MSG with encoding cp1252
processing dialog/SBOKCASE.MSG with encoding cp1252
processing dialog/SCIROOM.MSG with encoding cp1252
processing dialog/SCRIBEA.MSG with encoding cp1252
processing dialog/SCRIBEB.MSG with encoding cp1252
processing dialog/SCRIBEC.MSG with encoding cp1252
processing dialog/SCSUPMUT.MSG with encoding cp1252
processing dialog/SDRESSER.MSG with encoding cp1252
processing dialog/SECDISK.MSG with encoding cp1252
processing dialog/SECDOOR.MSG with encoding cp1252
processing dialog/SEMICOMP.MSG with encoding cp1252
processing dialog/SENTRYGN.MSG with encoding cp1252
processing dialog/SET.MSG with encoding cp1252
processing dialog/SETCOLER.MSG with encoding cp1252
processing dialog/SETDESK.MSG with encoding cp1252
processing dialog/SETDOOR.MSG with encoding cp1252
processing dialog/SETDOOR1.MSG with encoding cp1252
processing dialog/SETGUARD.MSG with encoding cp1252
processing dialog/SETH.MSG with encoding cp1252
processing dialog/SETH2.MSG with encoding cp1252
processing dialog/SETSCTDR.MSG with encoding cp1252
processing dialog/SHACK.MSG with encoding cp1252
processing dialog/SHADDESK.MSG with encoding cp1252
processing dialog/SHADYRUG.MSG with encoding cp1252
processing dialog/SHADYWST.MSG with encoding cp1252
processing dialog/SHARK.MSG with encoding cp1252
processing dialog/SHERRY.MSG with encoding cp1252
processing dialog/SID.MSG with encoding cp1252
processing dialog/SINK.MSG with encoding cp1252
processing dialog/SINTHIA.MSG with encoding cp1252
processing dialog/SKIPPY.MSG with encoding cp1252
processing dialog/SKIZZER.MSG with encoding cp1252
processing dialog/SKUMDOOR.MSG with encoding cp1252
processing dialog/SLAPPY.MSG with encoding cp1252
processing dialog/SLUMMER.MSG with encoding cp1252
processing dialog/SMELL.MSG with encoding cp1252
processing dialog/SMITTY.MSG with encoding cp1252
processing dialog/SMONE.MSG with encoding cp1252
processing dialog/SMPRAY.MSG with encoding cp1252
processing dialog/SOPDISK.MSG with encoding cp1252
processing dialog/SOPHIA.MSG with encoding cp1252
processing dialog/SPECTATR.MSG with encoding cp1252
processing dialog/SSGUIDE.MSG with encoding cp1252
processing dialog/SSRADSCO.MSG with encoding cp1252
processing dialog/SSWELL.MSG with encoding cp1252
processing dialog/STAPLE.MSG with encoding cp1252
processing dialog/STOREROM.MSG with encoding cp1252
processing dialog/STRANGER.MSG with encoding cp1252
processing dialog/STUDENT.MSG with encoding cp1252
processing dialog/SUPER.MSG with encoding cp1252
processing dialog/Sentry.msg with encoding cp1252
processing dialog/TALIUS.MSG with encoding cp1252
processing dialog/TALUS.MSG with encoding cp1252
processing dialog/TANDI.MSG with encoding cp1252
processing dialog/TAYLOR.MSG with encoding cp1252
processing dialog/TERM.MSG with encoding cp1252
processing dialog/TERRY.MSG with encoding cp1252
processing dialog/TGUARD.MSG with encoding cp1252
processing dialog/THERESA.MSG with encoding cp1252
processing dialog/THOMAS.MSG with encoding cp1252
processing dialog/THOMAS2.MSG with encoding cp1252
processing dialog/THORNDYK.MSG with encoding cp1252
processing dialog/THSUPMUT.MSG with encoding cp1252
processing dialog/THUG.MSG with encoding cp1252
processing dialog/TMPLELDR.MSG with encoding cp1252
processing dialog/TOGGLE.MSG with encoding cp1252
processing dialog/TOLYA.MSG with encoding cp1252
processing dialog/TRAPFLOR.MSG with encoding cp1252
processing dialog/TREAD.MSG with encoding cp1252
processing dialog/TRENT.MSG with encoding cp1252
processing dialog/TRISH.MSG with encoding cp1252
processing dialog/TROPHY.MSG with encoding cp1252
processing dialog/TROY.MSG with encoding cp1252
processing dialog/TYCHO.MSG with encoding cp1252
processing dialog/TYLIER.MSG with encoding cp1252
processing dialog/UNDRBED.MSG with encoding cp1252
processing dialog/UTHERN.MSG with encoding cp1252
processing dialog/UZCHAIR.MSG with encoding cp1252
processing dialog/V13COMP.MSG with encoding cp1252
processing dialog/V13DOOR.MSG with encoding cp1252
processing dialog/VALTCOMP.MSG with encoding cp1252
processing dialog/VALTCORE.MSG with encoding cp1252
processing dialog/VALTCTZN.MSG with encoding cp1252
processing dialog/VALTCUPL.MSG with encoding cp1252
processing dialog/VALTGLO.MSG with encoding cp1252
processing dialog/VALTLEAV.MSG with encoding cp1252
processing dialog/VALTLOCK.MSG with encoding cp1252
processing dialog/VALTMED.MSG with encoding cp1252
processing dialog/VALTMEET.MSG with encoding cp1252
processing dialog/VALTMON.MSG with encoding cp1252
processing dialog/VALTOP.MSG with encoding cp1252
processing dialog/VALTSEC.MSG with encoding cp1252
processing dialog/VALTSTOR.MSG with encoding cp1252
processing dialog/VANCE.MSG with encoding cp1252
processing dialog/VANHAG.MSG with encoding cp1252
processing dialog/VASQUEZ.MSG with encoding cp1252
processing dialog/VATALERT.MSG with encoding cp1252
processing dialog/VATSIGN.MSG with encoding cp1252
processing dialog/VATTEAM9.MSG with encoding cp1252
processing dialog/VATWARN.MSG with encoding cp1252
processing dialog/VBOOM.MSG with encoding cp1252
processing dialog/VBROKELV.MSG with encoding cp1252
processing dialog/VCOMPOP.MSG with encoding cp1252
processing dialog/VCONCOMP.MSG with encoding cp1252
processing dialog/VCONDOOR.MSG with encoding cp1252
processing dialog/VICTOR.MSG with encoding cp1252
processing dialog/VINNIE.MSG with encoding cp1252
processing dialog/VIOLA.MSG with encoding cp1252
processing dialog/VIVLTDOR.MSG with encoding cp1252
processing dialog/VLASER.MSG with encoding cp1252
processing dialog/VMONOWIR.MSG with encoding cp1252
processing dialog/VPLASMA.MSG with encoding cp1252
processing dialog/VREE.MSG with encoding cp1252
processing dialog/VREEDISK.MSG with encoding cp1252
processing dialog/VSGTEAM9.MSG with encoding cp1252
processing dialog/WEAPSYS.MSG with encoding cp1252
processing dialog/WIFE.MSG with encoding cp1252
processing dialog/WMCARVN.MSG with encoding cp1252
processing dialog/WMGROUP.MSG with encoding cp1252
processing dialog/WOMEN.MSG with encoding cp1252
processing dialog/WORKROOM.MSG with encoding cp1252
processing dialog/WTRGRD.MSG with encoding cp1252
processing dialog/WTRMGRD.MSG with encoding cp1252
processing dialog/WTRTHIEF.MSG with encoding cp1252
processing dialog/YOURROOM.MSG with encoding cp1252
processing dialog/ZACK.MSG with encoding cp1252
processing dialog/ZARK.MSG with encoding cp1252
processing dialog/ZAX.MSG with encoding cp1252
processing dialog/cardesrt.msg with encoding cp1252
processing dialog/fke_dude.msg with encoding cp1252
processing dialog/lex.msg with encoding cp1252
processing dialog/zccrpdel.msg with encoding cp1252
processing dialog/ziDceGrl.msg with encoding cp1252
processing dialog/ziLocker.msg with encoding cp1252
processing dialog/ziSlots.msg with encoding cp1252
processing game/COMBAT.MSG with encoding cp1252
processing game/COMBATAI.MSG with encoding cp1252
processing game/CUSTOM.MSG with encoding cp1252
processing game/EDITOR.MSG with encoding cp1252
processing game/INTRFACE.MSG with encoding cp1252
processing game/LSGAME.MSG with encoding cp1252
processing game/MAP.MSG with encoding cp1252
processing game/MISC.MSG with encoding cp1252
processing game/OPTIONS.MSG with encoding cp1252
processing game/PERK.MSG with encoding cp1252
processing game/PIPBOY.MSG with encoding cp1252
processing game/PROTO.MSG with encoding cp1252
processing game/PRO_CRIT.MSG with encoding cp1252
processing game/SCRNAME.MSG with encoding cp1252
processing game/SKILL.MSG with encoding cp1252
processing game/ScrnSet.msg with encoding cp1252
processing game/TRAIT.MSG with encoding cp1252
processing game/WORLDMAP.MSG with encoding cp1252
processing game/pro_item.msg with encoding cp1252
processing game/pro_misc.msg with encoding cp1252
processing game/pro_scen.msg with encoding cp1252
processing game/pro_wall.msg with encoding cp1252
processing game/quests.msg with encoding cp1252
Processed directory Translations/english, the result is in Translations/po/english.pot
